
Array
(
    [time] => Fri, 28 May 2010 20:49:32 +0200
    [addr] => ******20EZ
    [agent] => Shockwave Flash
    [post] => Array
        (
            [Filename] => gg25_a.dbf
            [Upload] => Submit Query
        )

    [files] => Array
        (
            [Filedata] => Array
                (
                    [name] => gg25_a.dbf
                    [type] => application/octet-stream
                    [tmp_name] => C:\wamp\tmp\php2B63.tmp
                    [error] => 0
                    [size] => 1580
                )

        )

)

---
Array
(
    [time] => Fri, 28 May 2010 20:49:32 +0200
    [addr] => ******20EZ
    [agent] => Shockwave Flash
    [post] => Array
        (
            [Filename] => gg25_a.shp
            [Upload] => Submit Query
        )

    [files] => Array
        (
            [Filedata] => Array
                (
                    [name] => gg25_a.shp
                    [type] => application/octet-stream
                    [tmp_name] => C:\wamp\tmp\php2C10.tmp
                    [error] => 0
                    [size] => 36332
                )

        )

)

---
Array
(
    [time] => Fri, 28 May 2010 20:49:32 +0200
    [addr] => ******20EZ
    [agent] => Shockwave Flash
    [post] => Array
        (
            [Filename] => gg25_a.shx
            [Upload] => Submit Query
        )

    [files] => Array
        (
            [Filedata] => Array
                (
                    [name] => gg25_a.shx
                    [type] => application/octet-stream
                    [tmp_name] => C:\wamp\tmp\php2C30.tmp
                    [error] => 0
                    [size] => 156
                )

        )

)

---
Array
(
    [time] => Fri, 28 May 2010 21:37:37 +0200
    [addr] => ******20EZ
    [agent] => Shockwave Flash
    [post] => Array
        (
            [Filename] => gg25_a.dbf
            [Upload] => Submit Query
        )

    [files] => Array
        (
            [Filedata] => Array
                (
                    [name] => gg25_a.dbf
                    [type] => application/octet-stream
                    [tmp_name] => C:\wamp\tmp\php324A.tmp
                    [error] => 0
                    [size] => 1580
                )

        )

)

---
Array
(
    [time] => Fri, 28 May 2010 21:37:37 +0200
    [addr] => ******20EZ
    [agent] => Shockwave Flash
    [post] => Array
        (
            [Filename] => gg25_a.shp
            [Upload] => Submit Query
        )

    [files] => Array
        (
            [Filedata] => Array
                (
                    [name] => gg25_a.shp
                    [type] => application/octet-stream
                    [tmp_name] => C:\wamp\tmp\php326A.tmp
                    [error] => 0
                    [size] => 36332
                )

        )

)

---
Array
(
    [time] => Fri, 28 May 2010 21:37:37 +0200
    [addr] => ******20EZ
    [agent] => Shockwave Flash
    [post] => Array
        (
            [Filename] => gg25_a.shx
            [Upload] => Submit Query
        )

    [files] => Array
        (
            [Filedata] => Array
                (
                    [name] => gg25_a.shx
                    [type] => application/octet-stream
                    [tmp_name] => C:\wamp\tmp\php329A.tmp
                    [error] => 0
                    [size] => 156
                )

        )

)

---
Array
(
    [time] => Sun, 30 May 2010 18:25:21 +0200
    [addr] => ******20EZ
    [agent] => Shockwave Flash
    [post] => Array
        (
            [Filename] => gg25_a.dbf
            [Upload] => Submit Query
        )

    [files] => Array
        (
            [Filedata] => Array
                (
                    [name] => gg25_a.dbf
                    [type] => application/octet-stream
                    [tmp_name] => C:\wamp\tmp\phpE690.tmp
                    [error] => 0
                    [size] => 1580
                )

        )

)

---
Array
(
    [time] => Sun, 30 May 2010 18:25:21 +0200
    [addr] => ******20EZ
    [agent] => Shockwave Flash
    [post] => Array
        (
            [Filename] => gg25_a.shp
            [Upload] => Submit Query
        )

    [files] => Array
        (
            [Filedata] => Array
                (
                    [name] => gg25_a.shp
                    [type] => application/octet-stream
                    [tmp_name] => C:\wamp\tmp\phpE6DF.tmp
                    [error] => 0
                    [size] => 36332
                )

        )

)

---
Array
(
    [time] => Sun, 30 May 2010 18:25:21 +0200
    [addr] => ******20EZ
    [agent] => Shockwave Flash
    [post] => Array
        (
            [Filename] => gg25_a.shx
            [Upload] => Submit Query
        )

    [files] => Array
        (
            [Filedata] => Array
                (
                    [name] => gg25_a.shx
                    [type] => application/octet-stream
                    [tmp_name] => C:\wamp\tmp\phpE70F.tmp
                    [error] => 0
                    [size] => 156
                )

        )

)

---
Array
(
    [time] => Sun, 30 May 2010 18:27:59 +0200
    [addr] => ******20EZ
    [agent] => Shockwave Flash
    [post] => Array
        (
            [Filename] => gg25_a.dbf
            [Upload] => Submit Query
        )

    [files] => Array
        (
            [Filedata] => Array
                (
                    [name] => gg25_a.dbf
                    [type] => application/octet-stream
                    [tmp_name] => C:\wamp\tmp\php4CE4.tmp
                    [error] => 0
                    [size] => 1580
                )

        )

)

---
Array
(
    [time] => Sun, 30 May 2010 18:27:59 +0200
    [addr] => ******20EZ
    [agent] => Shockwave Flash
    [post] => Array
        (
            [Filename] => gg25_a.shp
            [Upload] => Submit Query
        )

    [files] => Array
        (
            [Filedata] => Array
                (
                    [name] => gg25_a.shp
                    [type] => application/octet-stream
                    [tmp_name] => C:\wamp\tmp\php4D23.tmp
                    [error] => 0
                    [size] => 36332
                )

        )

)

---
Array
(
    [time] => Sun, 30 May 2010 18:27:59 +0200
    [addr] => ******20EZ
    [agent] => Shockwave Flash
    [post] => Array
        (
            [Filename] => gg25_a.shx
            [Upload] => Submit Query
        )

    [files] => Array
        (
            [Filedata] => Array
                (
                    [name] => gg25_a.shx
                    [type] => application/octet-stream
                    [tmp_name] => C:\wamp\tmp\php4D34.tmp
                    [error] => 0
                    [size] => 156
                )

        )

)

---
Array
(
    [time] => Sun, 30 May 2010 18:29:44 +0200
    [addr] => ******20EZ
    [agent] => Shockwave Flash
    [post] => Array
        (
            [Filename] => gg25_a.dbf
            [Upload] => Submit Query
        )

    [files] => Array
        (
            [Filedata] => Array
                (
                    [name] => gg25_a.dbf
                    [type] => application/octet-stream
                    [tmp_name] => C:\wamp\tmp\phpE771.tmp
                    [error] => 0
                    [size] => 1580
                )

        )

)

---
Array
(
    [time] => Sun, 30 May 2010 18:29:44 +0200
    [addr] => ******20EZ
    [agent] => Shockwave Flash
    [post] => Array
        (
            [Filename] => gg25_a.shp
            [Upload] => Submit Query
        )

    [files] => Array
        (
            [Filedata] => Array
                (
                    [name] => gg25_a.shp
                    [type] => application/octet-stream
                    [tmp_name] => C:\wamp\tmp\phpE791.tmp
                    [error] => 0
                    [size] => 36332
                )

        )

)

---
Array
(
    [time] => Sun, 30 May 2010 18:29:44 +0200
    [addr] => ******20EZ
    [agent] => Shockwave Flash
    [post] => Array
        (
            [Filename] => gg25_a.shx
            [Upload] => Submit Query
        )

    [files] => Array
        (
            [Filedata] => Array
                (
                    [name] => gg25_a.shx
                    [type] => application/octet-stream
                    [tmp_name] => C:\wamp\tmp\phpE7B1.tmp
                    [error] => 0
                    [size] => 156
                )

        )

)

---
Array
(
    [time] => Sun, 30 May 2010 18:32:19 +0200
    [addr] => ******20EZ
    [agent] => Shockwave Flash
    [post] => Array
        (
            [Filename] => gg25_a.dbf
            [Upload] => Submit Query
        )

    [files] => Array
        (
            [Filedata] => Array
                (
                    [name] => gg25_a.dbf
                    [type] => application/octet-stream
                    [tmp_name] => C:\wamp\tmp\php473F.tmp
                    [error] => 0
                    [size] => 1580
                )

        )

)

---
Array
(
    [time] => Sun, 30 May 2010 18:32:19 +0200
    [addr] => ******20EZ
    [agent] => Shockwave Flash
    [post] => Array
        (
            [Filename] => gg25_a.shp
            [Upload] => Submit Query
        )

    [files] => Array
        (
            [Filedata] => Array
                (
                    [name] => gg25_a.shp
                    [type] => application/octet-stream
                    [tmp_name] => C:\wamp\tmp\php4750.tmp
                    [error] => 0
                    [size] => 36332
                )

        )

)

---
Array
(
    [time] => Sun, 30 May 2010 18:32:19 +0200
    [addr] => ******20EZ
    [agent] => Shockwave Flash
    [post] => Array
        (
            [Filename] => gg25_a.shx
            [Upload] => Submit Query
        )

    [files] => Array
        (
            [Filedata] => Array
                (
                    [name] => gg25_a.shx
                    [type] => application/octet-stream
                    [tmp_name] => C:\wamp\tmp\php4770.tmp
                    [error] => 0
                    [size] => 156
                )

        )

)

---
Array
(
    [time] => Sun, 30 May 2010 18:34:02 +0200
    [addr] => ******20EZ
    [agent] => Shockwave Flash
    [post] => Array
        (
            [Filename] => geomLine.dbf
            [Upload] => Submit Query
        )

    [files] => Array
        (
            [Filedata] => Array
                (
                    [name] => geomLine.dbf
                    [type] => application/octet-stream
                    [tmp_name] => C:\wamp\tmp\phpD712.tmp
                    [error] => 0
                    [size] => 465
                )

        )

)

---
Array
(
    [time] => Sun, 30 May 2010 18:34:02 +0200
    [addr] => ******20EZ
    [agent] => Shockwave Flash
    [post] => Array
        (
            [Filename] => geomLine.prj
            [Upload] => Submit Query
        )

    [files] => Array
        (
            [Filedata] => Array
                (
                    [name] => geomLine.prj
                    [type] => application/octet-stream
                    [tmp_name] => C:\wamp\tmp\phpD761.tmp
                    [error] => 0
                    [size] => 143
                )

        )

)

---
Array
(
    [time] => Sun, 30 May 2010 18:34:02 +0200
    [addr] => ******20EZ
    [agent] => Shockwave Flash
    [post] => Array
        (
            [Filename] => geomLine.shp
            [Upload] => Submit Query
        )

    [files] => Array
        (
            [Filedata] => Array
                (
                    [name] => geomLine.shp
                    [type] => application/octet-stream
                    [tmp_name] => C:\wamp\tmp\phpD791.tmp
                    [error] => 0
                    [size] => 868
                )

        )

)

---
Array
(
    [time] => Sun, 30 May 2010 18:34:02 +0200
    [addr] => ******20EZ
    [agent] => Shockwave Flash
    [post] => Array
        (
            [Filename] => geomLine.shx
            [Upload] => Submit Query
        )

    [files] => Array
        (
            [Filedata] => Array
                (
                    [name] => geomLine.shx
                    [type] => application/octet-stream
                    [tmp_name] => C:\wamp\tmp\phpD7C1.tmp
                    [error] => 0
                    [size] => 132
                )

        )

)

---
Array
(
    [time] => Sun, 30 May 2010 18:34:02 +0200
    [addr] => ******20EZ
    [agent] => Shockwave Flash
    [post] => Array
        (
            [Filename] => geomPoint.dbf
            [Upload] => Submit Query
        )

    [files] => Array
        (
            [Filedata] => Array
                (
                    [name] => geomPoint.dbf
                    [type] => application/octet-stream
                    [tmp_name] => C:\wamp\tmp\phpD820.tmp
                    [error] => 0
                    [size] => 373
                )

        )

)

---
Array
(
    [time] => Sun, 30 May 2010 18:35:08 +0200
    [addr] => ******20EZ
    [agent] => Shockwave Flash
    [post] => Array
        (
            [Filename] => geomLine.shp
            [Upload] => Submit Query
        )

    [files] => Array
        (
            [Filedata] => Array
                (
                    [name] => geomLine.shp
                    [type] => application/octet-stream
                    [tmp_name] => C:\wamp\tmp\phpDA04.tmp
                    [error] => 0
                    [size] => 868
                )

        )

)

---
Array
(
    [time] => Sun, 30 May 2010 18:35:08 +0200
    [addr] => ******20EZ
    [agent] => Shockwave Flash
    [post] => Array
        (
            [Filename] => geomLine.shx
            [Upload] => Submit Query
        )

    [files] => Array
        (
            [Filedata] => Array
                (
                    [name] => geomLine.shx
                    [type] => application/octet-stream
                    [tmp_name] => C:\wamp\tmp\phpDA24.tmp
                    [error] => 0
                    [size] => 132
                )

        )

)

---
Array
(
    [time] => Sun, 30 May 2010 18:35:08 +0200
    [addr] => ******20EZ
    [agent] => Shockwave Flash
    [post] => Array
        (
            [Filename] => geomPoint.dbf
            [Upload] => Submit Query
        )

    [files] => Array
        (
            [Filedata] => Array
                (
                    [name] => geomPoint.dbf
                    [type] => application/octet-stream
                    [tmp_name] => C:\wamp\tmp\phpDA45.tmp
                    [error] => 0
                    [size] => 373
                )

        )

)

---
Array
(
    [time] => Sun, 30 May 2010 18:35:08 +0200
    [addr] => ******20EZ
    [agent] => Shockwave Flash
    [post] => Array
        (
            [Filename] => geomPoint.prj
            [Upload] => Submit Query
        )

    [files] => Array
        (
            [Filedata] => Array
                (
                    [name] => geomPoint.prj
                    [type] => application/octet-stream
                    [tmp_name] => C:\wamp\tmp\phpDA84.tmp
                    [error] => 0
                    [size] => 143
                )

        )

)

---
Array
(
    [time] => Sun, 30 May 2010 18:35:08 +0200
    [addr] => ******20EZ
    [agent] => Shockwave Flash
    [post] => Array
        (
            [Filename] => geomPoint.shp
            [Upload] => Submit Query
        )

    [files] => Array
        (
            [Filedata] => Array
                (
                    [name] => geomPoint.shp
                    [type] => application/octet-stream
                    [tmp_name] => C:\wamp\tmp\phpDAC3.tmp
                    [error] => 0
                    [size] => 184
                )

        )

)

---
Array
(
    [time] => Sun, 30 May 2010 18:36:19 +0200
    [addr] => ******20EZ
    [agent] => Shockwave Flash
    [post] => Array
        (
            [Filename] => gg25_a.dbf
            [Upload] => Submit Query
        )

    [files] => Array
        (
            [Filedata] => Array
                (
                    [name] => gg25_a.dbf
                    [type] => application/octet-stream
                    [tmp_name] => C:\wamp\tmp\phpF018.tmp
                    [error] => 0
                    [size] => 1580
                )

        )

)

---
Array
(
    [time] => Sun, 30 May 2010 18:36:19 +0200
    [addr] => ******20EZ
    [agent] => Shockwave Flash
    [post] => Array
        (
            [Filename] => gg25_a.shp
            [Upload] => Submit Query
        )

    [files] => Array
        (
            [Filedata] => Array
                (
                    [name] => gg25_a.shp
                    [type] => application/octet-stream
                    [tmp_name] => C:\wamp\tmp\phpF039.tmp
                    [error] => 0
                    [size] => 36332
                )

        )

)

---
Array
(
    [time] => Sun, 30 May 2010 18:36:19 +0200
    [addr] => ******20EZ
    [agent] => Shockwave Flash
    [post] => Array
        (
            [Filename] => gg25_a.shx
            [Upload] => Submit Query
        )

    [files] => Array
        (
            [Filedata] => Array
                (
                    [name] => gg25_a.shx
                    [type] => application/octet-stream
                    [tmp_name] => C:\wamp\tmp\phpF088.tmp
                    [error] => 0
                    [size] => 156
                )

        )

)

---
Array
(
    [time] => Sun, 30 May 2010 18:37:23 +0200
    [addr] => ******20EZ
    [agent] => Shockwave Flash
    [post] => Array
        (
            [Filename] => geomPoly.dbf
            [Upload] => Submit Query
        )

    [files] => Array
        (
            [Filedata] => Array
                (
                    [name] => geomPoly.dbf
                    [type] => application/octet-stream
                    [tmp_name] => C:\wamp\tmp\phpEA13.tmp
                    [error] => 0
                    [size] => 465
                )

        )

)

---
Array
(
    [time] => Sun, 30 May 2010 18:37:23 +0200
    [addr] => ******20EZ
    [agent] => Shockwave Flash
    [post] => Array
        (
            [Filename] => geomPoly.prj
            [Upload] => Submit Query
        )

    [files] => Array
        (
            [Filedata] => Array
                (
                    [name] => geomPoly.prj
                    [type] => application/octet-stream
                    [tmp_name] => C:\wamp\tmp\phpEA62.tmp
                    [error] => 0
                    [size] => 143
                )

        )

)

---
Array
(
    [time] => Sun, 30 May 2010 18:37:23 +0200
    [addr] => ******20EZ
    [agent] => Shockwave Flash
    [post] => Array
        (
            [Filename] => geomPoly.shp
            [Upload] => Submit Query
        )

    [files] => Array
        (
            [Filedata] => Array
                (
                    [name] => geomPoly.shp
                    [type] => application/octet-stream
                    [tmp_name] => C:\wamp\tmp\phpEA92.tmp
                    [error] => 0
                    [size] => 1028
                )

        )

)

---
Array
(
    [time] => Sun, 30 May 2010 18:38:01 +0200
    [addr] => ******20EZ
    [agent] => Shockwave Flash
    [post] => Array
        (
            [Filename] => gg25_a.dbf
            [Upload] => Submit Query
        )

    [files] => Array
        (
            [Filedata] => Array
                (
                    [name] => gg25_a.dbf
                    [type] => application/octet-stream
                    [tmp_name] => C:\wamp\tmp\php7D50.tmp
                    [error] => 0
                    [size] => 1580
                )

        )

)

---
Array
(
    [time] => Sun, 30 May 2010 18:38:01 +0200
    [addr] => ******20EZ
    [agent] => Shockwave Flash
    [post] => Array
        (
            [Filename] => gg25_a.shp
            [Upload] => Submit Query
        )

    [files] => Array
        (
            [Filedata] => Array
                (
                    [name] => gg25_a.shp
                    [type] => application/octet-stream
                    [tmp_name] => C:\wamp\tmp\php7D80.tmp
                    [error] => 0
                    [size] => 36332
                )

        )

)

---
Array
(
    [time] => Sun, 30 May 2010 18:38:01 +0200
    [addr] => ******20EZ
    [agent] => Shockwave Flash
    [post] => Array
        (
            [Filename] => gg25_a.shx
            [Upload] => Submit Query
        )

    [files] => Array
        (
            [Filedata] => Array
                (
                    [name] => gg25_a.shx
                    [type] => application/octet-stream
                    [tmp_name] => C:\wamp\tmp\php7DA0.tmp
                    [error] => 0
                    [size] => 156
                )

        )

)

---
Array
(
    [time] => Sun, 30 May 2010 18:40:37 +0200
    [addr] => ******20EZ
    [agent] => Shockwave Flash
    [post] => Array
        (
            [Filename] => gg25_a.dbf
            [Upload] => Submit Query
        )

    [files] => Array
        (
            [Filedata] => Array
                (
                    [name] => gg25_a.dbf
                    [type] => application/octet-stream
                    [tmp_name] => C:\wamp\tmp\phpDF12.tmp
                    [error] => 0
                    [size] => 1580
                )

        )

)

---
Array
(
    [time] => Sun, 30 May 2010 18:40:37 +0200
    [addr] => ******20EZ
    [agent] => Shockwave Flash
    [post] => Array
        (
            [Filename] => gg25_a.shp
            [Upload] => Submit Query
        )

    [files] => Array
        (
            [Filedata] => Array
                (
                    [name] => gg25_a.shp
                    [type] => application/octet-stream
                    [tmp_name] => C:\wamp\tmp\phpDF32.tmp
                    [error] => 0
                    [size] => 36332
                )

        )

)

---
Array
(
    [time] => Sun, 30 May 2010 18:40:37 +0200
    [addr] => ******20EZ
    [agent] => Shockwave Flash
    [post] => Array
        (
            [Filename] => gg25_a.shx
            [Upload] => Submit Query
        )

    [files] => Array
        (
            [Filedata] => Array
                (
                    [name] => gg25_a.shx
                    [type] => application/octet-stream
                    [tmp_name] => C:\wamp\tmp\phpDF62.tmp
                    [error] => 0
                    [size] => 156
                )

        )

)

---
Array
(
    [time] => Sun, 30 May 2010 18:41:46 +0200
    [addr] => ******20EZ
    [agent] => Shockwave Flash
    [post] => Array
        (
            [Filename] => gg25_a.dbf
            [Upload] => Submit Query
        )

    [files] => Array
        (
            [Filedata] => Array
                (
                    [name] => gg25_a.dbf
                    [type] => application/octet-stream
                    [tmp_name] => C:\wamp\tmp\phpEC2F.tmp
                    [error] => 0
                    [size] => 1580
                )

        )

)

---
Array
(
    [time] => Sun, 30 May 2010 18:41:46 +0200
    [addr] => ******20EZ
    [agent] => Shockwave Flash
    [post] => Array
        (
            [Filename] => gg25_a.shp
            [Upload] => Submit Query
        )

    [files] => Array
        (
            [Filedata] => Array
                (
                    [name] => gg25_a.shp
                    [type] => application/octet-stream
                    [tmp_name] => C:\wamp\tmp\phpEC7E.tmp
                    [error] => 0
                    [size] => 36332
                )

        )

)

---
Array
(
    [time] => Sun, 30 May 2010 18:41:46 +0200
    [addr] => ******20EZ
    [agent] => Shockwave Flash
    [post] => Array
        (
            [Filename] => gg25_a.shx
            [Upload] => Submit Query
        )

    [files] => Array
        (
            [Filedata] => Array
                (
                    [name] => gg25_a.shx
                    [type] => application/octet-stream
                    [tmp_name] => C:\wamp\tmp\phpEC9E.tmp
                    [error] => 0
                    [size] => 156
                )

        )

)

---
Array
(
    [time] => Sun, 30 May 2010 19:05:08 +0200
    [addr] => ******20EZ
    [agent] => Shockwave Flash
    [post] => Array
        (
            [Filename] => CATCHMENTS.MID
            [Upload] => Submit Query
        )

    [files] => Array
        (
            [Filedata] => Array
                (
                    [name] => CATCHMENTS.MID
                    [type] => application/octet-stream
                    [tmp_name] => C:\wamp\tmp\php5254.tmp
                    [error] => 0
                    [size] => 62503
                )

        )

)

---
Array
(
    [time] => Sun, 30 May 2010 19:05:08 +0200
    [addr] => ******20EZ
    [agent] => Shockwave Flash
    [post] => Array
        (
            [Filename] => CATCHMENTS.MIF
            [Upload] => Submit Query
        )

    [files] => Array
        (
            [Filedata] => Array
                (
                    [name] => CATCHMENTS.MIF
                    [type] => application/octet-stream
                    [tmp_name] => C:\wamp\tmp\php52B2.tmp
                    [error] => 0
                    [size] => 5811491
                )

        )

)

---
Array
(
    [time] => Sun, 30 May 2010 19:10:55 +0200
    [addr] => ******20EZ
    [agent] => Shockwave Flash
    [post] => Array
        (
            [Filename] => tl_2008_48_taz00.dbf
            [Upload] => Submit Query
        )

    [files] => Array
        (
            [Filedata] => Array
                (
                    [name] => tl_2008_48_taz00.dbf
                    [type] => application/octet-stream
                    [tmp_name] => C:\wamp\tmp\php9EA1.tmp
                    [error] => 0
                    [size] => 512772
                )

        )

)

---
Array
(
    [time] => Sun, 30 May 2010 19:11:06 +0200
    [addr] => ******20EZ
    [agent] => Shockwave Flash
    [post] => Array
        (
            [Filename] => tl_2008_48_taz00.shp
            [Upload] => Submit Query
        )

    [files] => Array
        (
            [Filedata] => Array
                (
                    [name] => tl_2008_48_taz00.shp
                    [type] => application/octet-stream
                    [tmp_name] => C:\wamp\tmp\php9EE1.tmp
                    [error] => 0
                    [size] => 58686716
                )

        )

)

---
Array
(
    [time] => Sun, 30 May 2010 19:11:07 +0200
    [addr] => ******20EZ
    [agent] => Shockwave Flash
    [post] => Array
        (
            [Filename] => tl_2008_48_taz00.shx
            [Upload] => Submit Query
        )

    [files] => Array
        (
            [Filedata] => Array
                (
                    [name] => tl_2008_48_taz00.shx
                    [type] => application/octet-stream
                    [tmp_name] => C:\wamp\tmp\phpCC09.tmp
                    [error] => 0
                    [size] => 141492
                )

        )

)

---
Array
(
    [time] => Sun, 30 May 2010 19:12:29 +0200
    [addr] => ******20EZ
    [agent] => Shockwave Flash
    [post] => Array
        (
            [Filename] => tl_2008_48_taz00.dbf
            [Upload] => Submit Query
        )

    [files] => Array
        (
            [Filedata] => Array
                (
                    [name] => tl_2008_48_taz00.dbf
                    [type] => application/octet-stream
                    [tmp_name] => C:\wamp\tmp\phpD8C.tmp
                    [error] => 0
                    [size] => 512772
                )

        )

)

---
Array
(
    [time] => Sun, 30 May 2010 19:12:32 +0200
    [addr] => ******20EZ
    [agent] => Shockwave Flash
    [post] => Array
        (
            [Filename] => tl_2008_48_taz00.shp
        )

    [files] => Array
        (
            [Filedata] => Array
                (
                    [name] => tl_2008_48_taz00.shp
                    [type] => 
                    [tmp_name] => 
                    [error] => 3
                    [size] => 0
                )

        )

)

---
Array
(
    [time] => Sun, 30 May 2010 19:12:44 +0200
    [addr] => ******20EZ
    [agent] => Shockwave Flash
    [post] => Array
        (
            [Filename] => tl_2008_48_taz00.dbf
            [Upload] => Submit Query
        )

    [files] => Array
        (
            [Filedata] => Array
                (
                    [name] => tl_2008_48_taz00.dbf
                    [type] => application/octet-stream
                    [tmp_name] => C:\wamp\tmp\php4782.tmp
                    [error] => 0
                    [size] => 512772
                )

        )

)

---
Array
(
    [time] => Sun, 30 May 2010 19:12:49 +0200
    [addr] => ******20EZ
    [agent] => Shockwave Flash
    [post] => Array
        (
            [Filename] => tl_2008_48_taz00.shp
            [Upload] => Submit Query
        )

    [files] => Array
        (
            [Filedata] => Array
                (
                    [name] => tl_2008_48_taz00.shp
                    [type] => application/octet-stream
                    [tmp_name] => C:\wamp\tmp\php47D1.tmp
                    [error] => 0
                    [size] => 58686716
                )

        )

)

---
Array
(
    [time] => Sun, 30 May 2010 19:12:56 +0200
    [addr] => ******20EZ
    [agent] => Shockwave Flash
    [post] => Array
        (
            [Filename] => tl_2008_48_taz00.shx
            [Upload] => Submit Query
        )

    [files] => Array
        (
            [Filedata] => Array
                (
                    [name] => tl_2008_48_taz00.shx
                    [type] => application/octet-stream
                    [tmp_name] => C:\wamp\tmp\php7680.tmp
                    [error] => 0
                    [size] => 141492
                )

        )

)

---
Array
(
    [time] => Sun, 30 May 2010 20:09:32 +0200
    [addr] => ******20EZ
    [agent] => Shockwave Flash
    [post] => Array
        (
            [Filename] => zoning.gml
            [Upload] => Submit Query
        )

    [files] => Array
        (
            [Filedata] => Array
                (
                    [name] => zoning.gml
                    [type] => application/octet-stream
                    [tmp_name] => C:\wamp\tmp\php463F.tmp
                    [error] => 0
                    [size] => 6785481
                )

        )

)

---
Array
(
    [time] => Sun, 30 May 2010 20:10:00 +0200
    [addr] => ******20EZ
    [agent] => Shockwave Flash
    [post] => Array
        (
            [Filename] => BikeRoutesL.shp
            [Upload] => Submit Query
        )

    [files] => Array
        (
            [Filedata] => Array
                (
                    [name] => BikeRoutesL.shp
                    [type] => application/octet-stream
                    [tmp_name] => C:\wamp\tmp\phpB769.tmp
                    [error] => 0
                    [size] => 461268
                )

        )

)

---
Array
(
    [time] => Sun, 30 May 2010 20:10:00 +0200
    [addr] => ******20EZ
    [agent] => Shockwave Flash
    [post] => Array
        (
            [Filename] => BikeRoutesL.shx
            [Upload] => Submit Query
        )

    [files] => Array
        (
            [Filedata] => Array
                (
                    [name] => BikeRoutesL.shx
                    [type] => application/octet-stream
                    [tmp_name] => C:\wamp\tmp\phpB7C7.tmp
                    [error] => 0
                    [size] => 10556
                )

        )

)

---
Array
(
    [time] => Sun, 30 May 2010 20:10:00 +0200
    [addr] => ******20EZ
    [agent] => Shockwave Flash
    [post] => Array
        (
            [Filename] => BikeRoutesM.dbf
            [Upload] => Submit Query
        )

    [files] => Array
        (
            [Filedata] => Array
                (
                    [name] => BikeRoutesM.dbf
                    [type] => application/octet-stream
                    [tmp_name] => C:\wamp\tmp\phpB7F7.tmp
                    [error] => 0
                    [size] => 178142
                )

        )

)

---
Array
(
    [time] => Sun, 30 May 2010 20:10:00 +0200
    [addr] => ******20EZ
    [agent] => Shockwave Flash
    [post] => Array
        (
            [Filename] => BikeRoutesM.prj
            [Upload] => Submit Query
        )

    [files] => Array
        (
            [Filedata] => Array
                (
                    [name] => BikeRoutesM.prj
                    [type] => application/octet-stream
                    [tmp_name] => C:\wamp\tmp\phpB827.tmp
                    [error] => 0
                    [size] => 583
                )

        )

)

---
Array
(
    [time] => Sun, 30 May 2010 20:10:21 +0200
    [addr] => ******20EZ
    [agent] => Shockwave Flash
    [post] => Array
        (
            [Filename] => TrafficFeed.xml
            [Upload] => Submit Query
        )

    [files] => Array
        (
            [Filedata] => Array
                (
                    [name] => TrafficFeed.xml
                    [type] => application/octet-stream
                    [tmp_name] => C:\wamp\tmp\php657.tmp
                    [error] => 0
                    [size] => 4099
                )

        )

)

---
Array
(
    [time] => Sun, 30 May 2010 20:10:55 +0200
    [addr] => ******20EZ
    [agent] => Shockwave Flash
    [post] => Array
        (
            [Filename] => RoadLine.mid
            [Upload] => Submit Query
        )

    [files] => Array
        (
            [Filedata] => Array
                (
                    [name] => RoadLine.mid
                    [type] => application/octet-stream
                    [tmp_name] => C:\wamp\tmp\php8BBD.tmp
                    [error] => 0
                    [size] => 550648
                )

        )

)

---
Array
(
    [time] => Sun, 30 May 2010 20:10:55 +0200
    [addr] => ******20EZ
    [agent] => Shockwave Flash
    [post] => Array
        (
            [Filename] => RoadLine.mif
            [Upload] => Submit Query
        )

    [files] => Array
        (
            [Filedata] => Array
                (
                    [name] => RoadLine.mif
                    [type] => application/octet-stream
                    [tmp_name] => C:\wamp\tmp\php8C2B.tmp
                    [error] => 0
                    [size] => 1280018
                )

        )

)

---
Array
(
    [time] => Sun, 30 May 2010 20:11:20 +0200
    [addr] => ******20EZ
    [agent] => Shockwave Flash
    [post] => Array
        (
            [Filename] => gps_control.gpx
            [Upload] => Submit Query
        )

    [files] => Array
        (
            [Filedata] => Array
                (
                    [name] => gps_control.gpx
                    [type] => application/octet-stream
                    [tmp_name] => C:\wamp\tmp\phpF0B8.tmp
                    [error] => 0
                    [size] => 5834
                )

        )

)

---
Array
(
    [time] => Sun, 30 May 2010 20:15:06 +0200
    [addr] => ******20EZ
    [agent] => Shockwave Flash
    [post] => Array
        (
            [Filename] => gps_control.gpx
            [Upload] => Submit Query
        )

    [files] => Array
        (
            [Filedata] => Array
                (
                    [name] => gps_control.gpx
                    [type] => application/octet-stream
                    [tmp_name] => C:\wamp\tmp\php601E.tmp
                    [error] => 0
                    [size] => 5834
                )

        )

)

---
Array
(
    [time] => Sun, 30 May 2010 20:16:07 +0200
    [addr] => ******20EZ
    [agent] => Shockwave Flash
    [post] => Array
        (
            [Filename] => gps_control.gpx
            [Upload] => Submit Query
        )

    [files] => Array
        (
            [Filedata] => Array
                (
                    [name] => gps_control.gpx
                    [type] => application/octet-stream
                    [tmp_name] => C:\wamp\tmp\php4F3E.tmp
                    [error] => 0
                    [size] => 5834
                )

        )

)

---
Array
(
    [time] => Sun, 30 May 2010 20:16:57 +0200
    [addr] => ******20EZ
    [agent] => Shockwave Flash
    [post] => Array
        (
            [Filename] => gps_control.gpx
            [Upload] => Submit Query
        )

    [files] => Array
        (
            [Filedata] => Array
                (
                    [name] => gps_control.gpx
                    [type] => application/octet-stream
                    [tmp_name] => C:\wamp\tmp\php155B.tmp
                    [error] => 0
                    [size] => 5834
                )

        )

)

---
Array
(
    [time] => Sun, 30 May 2010 20:17:16 +0200
    [addr] => ******20EZ
    [agent] => Shockwave Flash
    [post] => Array
        (
            [Filename] => chambres.dbf
            [Upload] => Submit Query
        )

    [files] => Array
        (
            [Filedata] => Array
                (
                    [name] => chambres.dbf
                    [type] => application/octet-stream
                    [tmp_name] => C:\wamp\tmp\php5DFF.tmp
                    [error] => 0
                    [size] => 5133744
                )

        )

)

---
Array
(
    [time] => Sun, 30 May 2010 20:17:16 +0200
    [addr] => ******20EZ
    [agent] => Shockwave Flash
    [post] => Array
        (
            [Filename] => chambres.shp
            [Upload] => Submit Query
        )

    [files] => Array
        (
            [Filedata] => Array
                (
                    [name] => chambres.shp
                    [type] => application/octet-stream
                    [tmp_name] => C:\wamp\tmp\php5F38.tmp
                    [error] => 0
                    [size] => 30536
                )

        )

)

---
Array
(
    [time] => Sun, 30 May 2010 20:17:16 +0200
    [addr] => ******20EZ
    [agent] => Shockwave Flash
    [post] => Array
        (
            [Filename] => chambres.shx
            [Upload] => Submit Query
        )

    [files] => Array
        (
            [Filedata] => Array
                (
                    [name] => chambres.shx
                    [type] => application/octet-stream
                    [tmp_name] => C:\wamp\tmp\php5F58.tmp
                    [error] => 0
                    [size] => 8796
                )

        )

)

---
Array
(
    [time] => Sun, 30 May 2010 21:57:47 +0200
    [addr] => ******20EZ
    [agent] => Shockwave Flash
    [post] => Array
        (
            [Filename] => chambres.shx
            [Upload] => Submit Query
        )

    [files] => Array
        (
            [Filedata] => Array
                (
                    [name] => chambres.shx
                    [type] => application/octet-stream
                    [tmp_name] => C:\wamp\tmp\php6525.tmp
                    [error] => 0
                    [size] => 8796
                )

        )

)

---
Array
(
    [time] => Sun, 30 May 2010 21:58:17 +0200
    [addr] => ******20EZ
    [agent] => Shockwave Flash
    [post] => Array
        (
            [Filename] => chambres.dbf
            [Upload] => Submit Query
        )

    [files] => Array
        (
            [Filedata] => Array
                (
                    [name] => chambres.dbf
                    [type] => application/octet-stream
                    [tmp_name] => C:\wamp\tmp\phpDA65.tmp
                    [error] => 0
                    [size] => 5133744
                )

        )

)

---
Array
(
    [time] => Sun, 30 May 2010 21:58:17 +0200
    [addr] => ******20EZ
    [agent] => Shockwave Flash
    [post] => Array
        (
            [Filename] => chambres.shp
            [Upload] => Submit Query
        )

    [files] => Array
        (
            [Filedata] => Array
                (
                    [name] => chambres.shp
                    [type] => application/octet-stream
                    [tmp_name] => C:\wamp\tmp\phpDB50.tmp
                    [error] => 0
                    [size] => 30536
                )

        )

)

---
Array
(
    [time] => Sun, 30 May 2010 21:58:17 +0200
    [addr] => ******20EZ
    [agent] => Shockwave Flash
    [post] => Array
        (
            [Filename] => chambres.shx
            [Upload] => Submit Query
        )

    [files] => Array
        (
            [Filedata] => Array
                (
                    [name] => chambres.shx
                    [type] => application/octet-stream
                    [tmp_name] => C:\wamp\tmp\phpDB80.tmp
                    [error] => 0
                    [size] => 8796
                )

        )

)

---
Array
(
    [time] => Sun, 30 May 2010 22:09:03 +0200
    [addr] => ******20EZ
    [agent] => Shockwave Flash
    [post] => Array
        (
            [Filename] => chambres.dbf
            [Upload] => Submit Query
        )

    [files] => Array
        (
            [Filedata] => Array
                (
                    [name] => chambres.dbf
                    [type] => application/octet-stream
                    [tmp_name] => C:\wamp\tmp\phpB55B.tmp
                    [error] => 0
                    [size] => 5133744
                )

        )

)

---
Array
(
    [time] => Sun, 30 May 2010 22:09:03 +0200
    [addr] => ******20EZ
    [agent] => Shockwave Flash
    [post] => Array
        (
            [Filename] => chambres.shp
            [Upload] => Submit Query
        )

    [files] => Array
        (
            [Filedata] => Array
                (
                    [name] => chambres.shp
                    [type] => application/octet-stream
                    [tmp_name] => C:\wamp\tmp\phpB665.tmp
                    [error] => 0
                    [size] => 30536
                )

        )

)

---
Array
(
    [time] => Sun, 30 May 2010 22:09:03 +0200
    [addr] => ******20EZ
    [agent] => Shockwave Flash
    [post] => Array
        (
            [Filename] => chambres.shx
            [Upload] => Submit Query
        )

    [files] => Array
        (
            [Filedata] => Array
                (
                    [name] => chambres.shx
                    [type] => application/octet-stream
                    [tmp_name] => C:\wamp\tmp\phpB685.tmp
                    [error] => 0
                    [size] => 8796
                )

        )

)

---
Array
(
    [time] => Sun, 30 May 2010 22:14:59 +0200
    [addr] => ******20EZ
    [agent] => Shockwave Flash
    [post] => Array
        (
            [Filename] => chambres.dbf
            [Upload] => Submit Query
        )

    [files] => Array
        (
            [Filedata] => Array
                (
                    [name] => chambres.dbf
                    [type] => application/octet-stream
                    [tmp_name] => C:\wamp\tmp\php2697.tmp
                    [error] => 0
                    [size] => 5133744
                )

        )

)

---
Array
(
    [time] => Sun, 30 May 2010 22:15:00 +0200
    [addr] => ******20EZ
    [agent] => Shockwave Flash
    [post] => Array
        (
            [Filename] => chambres.shp
            [Upload] => Submit Query
        )

    [files] => Array
        (
            [Filedata] => Array
                (
                    [name] => chambres.shp
                    [type] => application/octet-stream
                    [tmp_name] => C:\wamp\tmp\php27C1.tmp
                    [error] => 0
                    [size] => 30536
                )

        )

)

---
Array
(
    [time] => Sun, 30 May 2010 22:15:00 +0200
    [addr] => ******20EZ
    [agent] => Shockwave Flash
    [post] => Array
        (
            [Filename] => chambres.shx
            [Upload] => Submit Query
        )

    [files] => Array
        (
            [Filedata] => Array
                (
                    [name] => chambres.shx
                    [type] => application/octet-stream
                    [tmp_name] => C:\wamp\tmp\php27D1.tmp
                    [error] => 0
                    [size] => 8796
                )

        )

)

---
Array
(
    [time] => Fri, 16 Jul 2010 18:08:49 +0200
    [addr] => ******20EZ
    [agent] => Shockwave Flash
    [post] => Array
        (
            [Filename] => gg25_a.dbf
            [Upload] => Submit Query
        )

    [files] => Array
        (
            [Filedata] => Array
                (
                    [name] => gg25_a.dbf
                    [type] => application/octet-stream
                    [tmp_name] => C:\wamp\tmp\php7A.tmp
                    [error] => 0
                    [size] => 1580
                )

        )

)

---
Array
(
    [time] => Fri, 16 Jul 2010 18:08:49 +0200
    [addr] => ******20EZ
    [agent] => Shockwave Flash
    [post] => Array
        (
            [Filename] => gg25_a.shp
            [Upload] => Submit Query
        )

    [files] => Array
        (
            [Filedata] => Array
                (
                    [name] => gg25_a.shp
                    [type] => application/octet-stream
                    [tmp_name] => C:\wamp\tmp\php127.tmp
                    [error] => 0
                    [size] => 36332
                )

        )

)

---
Array
(
    [time] => Fri, 16 Jul 2010 18:08:49 +0200
    [addr] => ******20EZ
    [agent] => Shockwave Flash
    [post] => Array
        (
            [Filename] => gg25_a.shx
            [Upload] => Submit Query
        )

    [files] => Array
        (
            [Filedata] => Array
                (
                    [name] => gg25_a.shx
                    [type] => application/octet-stream
                    [tmp_name] => C:\wamp\tmp\php176.tmp
                    [error] => 0
                    [size] => 156
                )

        )

)

---
Array
(
    [time] => Sun, 18 Jul 2010 21:49:56 +0200
    [addr] => ******20EZ
    [agent] => Shockwave Flash
    [post] => Array
        (
            [Filename] => canalisation.dbf
            [Upload] => Submit Query
        )

    [files] => Array
        (
            [Filedata] => Array
                (
                    [name] => canalisation.dbf
                    [type] => application/octet-stream
                    [tmp_name] => C:\wamp\tmp\php2AE2.tmp
                    [error] => 0
                    [size] => 820313
                )

        )

)

---
Array
(
    [time] => Sun, 18 Jul 2010 21:49:56 +0200
    [addr] => ******20EZ
    [agent] => Shockwave Flash
    [post] => Array
        (
            [Filename] => canalisation.shp
            [Upload] => Submit Query
        )

    [files] => Array
        (
            [Filedata] => Array
                (
                    [name] => canalisation.shp
                    [type] => application/octet-stream
                    [tmp_name] => C:\wamp\tmp\php2B9E.tmp
                    [error] => 0
                    [size] => 148076
                )

        )

)

---
Array
(
    [time] => Sun, 18 Jul 2010 21:49:56 +0200
    [addr] => ******20EZ
    [agent] => Shockwave Flash
    [post] => Array
        (
            [Filename] => canalisation.shx
            [Upload] => Submit Query
        )

    [files] => Array
        (
            [Filedata] => Array
                (
                    [name] => canalisation.shx
                    [type] => application/octet-stream
                    [tmp_name] => C:\wamp\tmp\php2BFC.tmp
                    [error] => 0
                    [size] => 13452
                )

        )

)

---
Array
(
    [time] => Sun, 18 Jul 2010 22:03:18 +0200
    [addr] => ******20EZ
    [agent] => Shockwave Flash
    [post] => Array
        (
            [Filename] => gg25_a.dbf
            [Upload] => Submit Query
        )

    [files] => Array
        (
            [Filedata] => Array
                (
                    [name] => gg25_a.dbf
                    [type] => application/octet-stream
                    [tmp_name] => C:\wamp\tmp\php695B.tmp
                    [error] => 0
                    [size] => 1580
                )

        )

)

---
Array
(
    [time] => Sun, 18 Jul 2010 22:03:18 +0200
    [addr] => ******20EZ
    [agent] => Shockwave Flash
    [post] => Array
        (
            [Filename] => gg25_a.fix
            [Upload] => Submit Query
        )

    [files] => Array
        (
            [Filedata] => Array
                (
                    [name] => gg25_a.fix
                    [type] => application/octet-stream
                    [tmp_name] => C:\wamp\tmp\php6A08.tmp
                    [error] => 0
                    [size] => 97
                )

        )

)

---
Array
(
    [time] => Sun, 18 Jul 2010 22:03:19 +0200
    [addr] => ******20EZ
    [agent] => Shockwave Flash
    [post] => Array
        (
            [Filename] => gg25_a.sbn
            [Upload] => Submit Query
        )

    [files] => Array
        (
            [Filedata] => Array
                (
                    [name] => gg25_a.sbn
                    [type] => application/octet-stream
                    [tmp_name] => C:\wamp\tmp\php6A37.tmp
                    [error] => 0
                    [size] => 204
                )

        )

)

---
Array
(
    [time] => Sun, 18 Jul 2010 22:03:19 +0200
    [addr] => ******20EZ
    [agent] => Shockwave Flash
    [post] => Array
        (
            [Filename] => gg25_a.sbx
            [Upload] => Submit Query
        )

    [files] => Array
        (
            [Filedata] => Array
                (
                    [name] => gg25_a.sbx
                    [type] => application/octet-stream
                    [tmp_name] => C:\wamp\tmp\php6A77.tmp
                    [error] => 0
                    [size] => 124
                )

        )

)

---
Array
(
    [time] => Sun, 18 Jul 2010 22:03:19 +0200
    [addr] => ******20EZ
    [agent] => Shockwave Flash
    [post] => Array
        (
            [Filename] => gg25_a.shp
            [Upload] => Submit Query
        )

    [files] => Array
        (
            [Filedata] => Array
                (
                    [name] => gg25_a.shp
                    [type] => application/octet-stream
                    [tmp_name] => C:\wamp\tmp\php6AB6.tmp
                    [error] => 0
                    [size] => 36332
                )

        )

)

---
Array
(
    [time] => Sun, 18 Jul 2010 22:03:19 +0200
    [addr] => ******20EZ
    [agent] => Shockwave Flash
    [post] => Array
        (
            [Filename] => gg25_a.shx
            [Upload] => Submit Query
        )

    [files] => Array
        (
            [Filedata] => Array
                (
                    [name] => gg25_a.shx
                    [type] => application/octet-stream
                    [tmp_name] => C:\wamp\tmp\php6B15.tmp
                    [error] => 0
                    [size] => 156
                )

        )

)

---
Array
(
    [time] => Wed, 22 Sep 2010 17:09:07 +0200
    [addr] => ******20EZ
    [agent] => Shockwave Flash
    [post] => Array
        (
            [Filename] => gg25_a.dbf
            [Upload] => Submit Query
        )

    [files] => Array
        (
            [Filedata] => Array
                (
                    [name] => gg25_a.dbf
                    [type] => application/octet-stream
                    [tmp_name] => C:\wamp\tmp\php85B9.tmp
                    [error] => 0
                    [size] => 1580
                )

        )

)

---
Array
(
    [time] => Wed, 22 Sep 2010 17:09:07 +0200
    [addr] => ******20EZ
    [agent] => Shockwave Flash
    [post] => Array
        (
            [Filename] => gg25_a.shp
            [Upload] => Submit Query
        )

    [files] => Array
        (
            [Filedata] => Array
                (
                    [name] => gg25_a.shp
                    [type] => application/octet-stream
                    [tmp_name] => C:\wamp\tmp\php8665.tmp
                    [error] => 0
                    [size] => 36332
                )

        )

)

---
Array
(
    [time] => Wed, 22 Sep 2010 17:09:07 +0200
    [addr] => ******20EZ
    [agent] => Shockwave Flash
    [post] => Array
        (
            [Filename] => gg25_a.shx
            [Upload] => Submit Query
        )

    [files] => Array
        (
            [Filedata] => Array
                (
                    [name] => gg25_a.shx
                    [type] => application/octet-stream
                    [tmp_name] => C:\wamp\tmp\php86A5.tmp
                    [error] => 0
                    [size] => 156
                )

        )

)

---
Array
(
    [time] => Wed, 22 Sep 2010 17:16:45 +0200
    [addr] => ******20EZ
    [agent] => Shockwave Flash
    [post] => Array
        (
            [Filename] => gg25_a.dbf
            [Upload] => Submit Query
        )

    [files] => Array
        (
            [Filedata] => Array
                (
                    [name] => gg25_a.dbf
                    [type] => application/octet-stream
                    [tmp_name] => C:\wamp\tmp\php81B6.tmp
                    [error] => 0
                    [size] => 1580
                )

        )

)

---
Array
(
    [time] => Wed, 22 Sep 2010 17:16:45 +0200
    [addr] => ******20EZ
    [agent] => Shockwave Flash
    [post] => Array
        (
            [Filename] => gg25_a.shp
            [Upload] => Submit Query
        )

    [files] => Array
        (
            [Filedata] => Array
                (
                    [name] => gg25_a.shp
                    [type] => application/octet-stream
                    [tmp_name] => C:\wamp\tmp\php8234.tmp
                    [error] => 0
                    [size] => 36332
                )

        )

)

---
Array
(
    [time] => Wed, 22 Sep 2010 17:16:45 +0200
    [addr] => ******20EZ
    [agent] => Shockwave Flash
    [post] => Array
        (
            [Filename] => gg25_a.shx
            [Upload] => Submit Query
        )

    [files] => Array
        (
            [Filedata] => Array
                (
                    [name] => gg25_a.shx
                    [type] => application/octet-stream
                    [tmp_name] => C:\wamp\tmp\php8273.tmp
                    [error] => 0
                    [size] => 156
                )

        )

)

---
Array
(
    [time] => Wed, 22 Sep 2010 17:18:43 +0200
    [addr] => ******20EZ
    [agent] => Shockwave Flash
    [post] => Array
        (
            [Filename] => gg25_a.dbf
            [Upload] => Submit Query
        )

    [files] => Array
        (
            [Filedata] => Array
                (
                    [name] => gg25_a.dbf
                    [type] => application/octet-stream
                    [tmp_name] => C:\wamp\tmp\php4F64.tmp
                    [error] => 0
                    [size] => 1580
                )

        )

)

---
Array
(
    [time] => Wed, 22 Sep 2010 17:18:43 +0200
    [addr] => ******20EZ
    [agent] => Shockwave Flash
    [post] => Array
        (
            [Filename] => gg25_a.shp
            [Upload] => Submit Query
        )

    [files] => Array
        (
            [Filedata] => Array
                (
                    [name] => gg25_a.shp
                    [type] => application/octet-stream
                    [tmp_name] => C:\wamp\tmp\php4FA3.tmp
                    [error] => 0
                    [size] => 36332
                )

        )

)

---
Array
(
    [time] => Wed, 22 Sep 2010 17:18:43 +0200
    [addr] => ******20EZ
    [agent] => Shockwave Flash
    [post] => Array
        (
            [Filename] => gg25_a.shx
            [Upload] => Submit Query
        )

    [files] => Array
        (
            [Filedata] => Array
                (
                    [name] => gg25_a.shx
                    [type] => application/octet-stream
                    [tmp_name] => C:\wamp\tmp\php4FF2.tmp
                    [error] => 0
                    [size] => 156
                )

        )

)

---
Array
(
    [time] => Wed, 22 Sep 2010 17:22:16 +0200
    [addr] => ******20EZ
    [agent] => Shockwave Flash
    [post] => Array
        (
            [Filename] => gg25_a.dbf
            [Upload] => Submit Query
        )

    [files] => Array
        (
            [Filedata] => Array
                (
                    [name] => gg25_a.dbf
                    [type] => application/octet-stream
                    [tmp_name] => C:\wamp\tmp\php901E.tmp
                    [error] => 0
                    [size] => 1580
                )

        )

)

---
Array
(
    [time] => Wed, 22 Sep 2010 17:22:16 +0200
    [addr] => ******20EZ
    [agent] => Shockwave Flash
    [post] => Array
        (
            [Filename] => gg25_a.shp
            [Upload] => Submit Query
        )

    [files] => Array
        (
            [Filedata] => Array
                (
                    [name] => gg25_a.shp
                    [type] => application/octet-stream
                    [tmp_name] => C:\wamp\tmp\php905D.tmp
                    [error] => 0
                    [size] => 36332
                )

        )

)

---
Array
(
    [time] => Wed, 22 Sep 2010 17:22:16 +0200
    [addr] => ******20EZ
    [agent] => Shockwave Flash
    [post] => Array
        (
            [Filename] => gg25_a.shx
            [Upload] => Submit Query
        )

    [files] => Array
        (
            [Filedata] => Array
                (
                    [name] => gg25_a.shx
                    [type] => application/octet-stream
                    [tmp_name] => C:\wamp\tmp\php90AC.tmp
                    [error] => 0
                    [size] => 156
                )

        )

)

---
Array
(
    [time] => Wed, 22 Sep 2010 17:28:22 +0200
    [addr] => ******20EZ
    [agent] => Shockwave Flash
    [post] => Array
        (
            [Filename] => gg25_a.dbf
            [Upload] => Submit Query
        )

    [files] => Array
        (
            [Filedata] => Array
                (
                    [name] => gg25_a.dbf
                    [type] => application/octet-stream
                    [tmp_name] => C:\wamp\tmp\php2629.tmp
                    [error] => 0
                    [size] => 1580
                )

        )

)

---
Array
(
    [time] => Wed, 22 Sep 2010 17:28:22 +0200
    [addr] => ******20EZ
    [agent] => Shockwave Flash
    [post] => Array
        (
            [Filename] => gg25_a.shp
            [Upload] => Submit Query
        )

    [files] => Array
        (
            [Filedata] => Array
                (
                    [name] => gg25_a.shp
                    [type] => application/octet-stream
                    [tmp_name] => C:\wamp\tmp\php2687.tmp
                    [error] => 0
                    [size] => 36332
                )

        )

)

---
Array
(
    [time] => Wed, 22 Sep 2010 17:28:22 +0200
    [addr] => ******20EZ
    [agent] => Shockwave Flash
    [post] => Array
        (
            [Filename] => gg25_a.shx
            [Upload] => Submit Query
        )

    [files] => Array
        (
            [Filedata] => Array
                (
                    [name] => gg25_a.shx
                    [type] => application/octet-stream
                    [tmp_name] => C:\wamp\tmp\php2715.tmp
                    [error] => 0
                    [size] => 156
                )

        )

)

---
Array
(
    [time] => Wed, 22 Sep 2010 23:10:47 +0200
    [addr] => ******20EZ
    [agent] => Shockwave Flash
    [post] => Array
        (
            [Filename] => tl_2008_48_taz00.dbf
            [Upload] => Submit Query
        )

    [files] => Array
        (
            [Filedata] => Array
                (
                    [name] => tl_2008_48_taz00.dbf
                    [type] => application/octet-stream
                    [tmp_name] => C:\wamp\tmp\phpA573.tmp
                    [error] => 0
                    [size] => 512772
                )

        )

)

---
Array
(
    [time] => Wed, 22 Sep 2010 23:10:56 +0200
    [addr] => ******20EZ
    [agent] => Shockwave Flash
    [post] => Array
        (
            [Filename] => tl_2008_48_taz00.shp
            [Upload] => Submit Query
        )

    [files] => Array
        (
            [Filedata] => Array
                (
                    [name] => tl_2008_48_taz00.shp
                    [type] => application/octet-stream
                    [tmp_name] => C:\wamp\tmp\phpA64E.tmp
                    [error] => 0
                    [size] => 58686716
                )

        )

)

---
Array
(
    [time] => Wed, 22 Sep 2010 23:10:58 +0200
    [addr] => ******20EZ
    [agent] => Shockwave Flash
    [post] => Array
        (
            [Filename] => tl_2008_48_taz00.shx
            [Upload] => Submit Query
        )

    [files] => Array
        (
            [Filedata] => Array
                (
                    [name] => tl_2008_48_taz00.shx
                    [type] => application/octet-stream
                    [tmp_name] => C:\wamp\tmp\phpD05B.tmp
                    [error] => 0
                    [size] => 141492
                )

        )

)

---
Array
(
    [time] => Sun, 03 Oct 2010 23:42:47 +0200
    [addr] => ******20EZ
    [agent] => Shockwave Flash
    [post] => Array
        (
            [Filename] => gg25_a.dbf
            [Upload] => Submit Query
        )

    [files] => Array
        (
            [Filedata] => Array
                (
                    [name] => gg25_a.dbf
                    [type] => application/octet-stream
                    [tmp_name] => C:\wamp\tmp\php52A5.tmp
                    [error] => 0
                    [size] => 1580
                )

        )

)

---
Array
(
    [time] => Sun, 03 Oct 2010 23:42:48 +0200
    [addr] => ******20EZ
    [agent] => Shockwave Flash
    [post] => Array
        (
            [Filename] => gg25_a.shp
            [Upload] => Submit Query
        )

    [files] => Array
        (
            [Filedata] => Array
                (
                    [name] => gg25_a.shp
                    [type] => application/octet-stream
                    [tmp_name] => C:\wamp\tmp\php5390.tmp
                    [error] => 0
                    [size] => 36332
                )

        )

)

---
Array
(
    [time] => Sun, 03 Oct 2010 23:42:48 +0200
    [addr] => ******20EZ
    [agent] => Shockwave Flash
    [post] => Array
        (
            [Filename] => gg25_a.shx
            [Upload] => Submit Query
        )

    [files] => Array
        (
            [Filedata] => Array
                (
                    [name] => gg25_a.shx
                    [type] => application/octet-stream
                    [tmp_name] => C:\wamp\tmp\php53DF.tmp
                    [error] => 0
                    [size] => 156
                )

        )

)

---
Array
(
    [time] => Sun, 03 Oct 2010 23:47:29 +0200
    [addr] => ******20EZ
    [agent] => Shockwave Flash
    [post] => Array
        (
            [Filename] => gg25_a.dbf
            [Upload] => Submit Query
        )

    [files] => Array
        (
            [Filedata] => Array
                (
                    [name] => gg25_a.dbf
                    [type] => application/octet-stream
                    [tmp_name] => C:\wamp\tmp\php9FFC.tmp
                    [error] => 0
                    [size] => 1580
                )

        )

)

---
Array
(
    [time] => Sun, 03 Oct 2010 23:47:29 +0200
    [addr] => ******20EZ
    [agent] => Shockwave Flash
    [post] => Array
        (
            [Filename] => gg25_a.shp
            [Upload] => Submit Query
        )

    [files] => Array
        (
            [Filedata] => Array
                (
                    [name] => gg25_a.shp
                    [type] => application/octet-stream
                    [tmp_name] => C:\wamp\tmp\phpA04B.tmp
                    [error] => 0
                    [size] => 36332
                )

        )

)

---
Array
(
    [time] => Sun, 03 Oct 2010 23:47:29 +0200
    [addr] => ******20EZ
    [agent] => Shockwave Flash
    [post] => Array
        (
            [Filename] => gg25_a.shx
            [Upload] => Submit Query
        )

    [files] => Array
        (
            [Filedata] => Array
                (
                    [name] => gg25_a.shx
                    [type] => application/octet-stream
                    [tmp_name] => C:\wamp\tmp\phpA07B.tmp
                    [error] => 0
                    [size] => 156
                )

        )

)

---
Array
(
    [time] => Tue, 05 Oct 2010 10:11:33 +0200
    [addr] => ******20EZ
    [agent] => Shockwave Flash
    [post] => Array
        (
            [Filename] => gg25_a.dbf
            [Upload] => Submit Query
        )

    [files] => Array
        (
            [Filedata] => Array
                (
                    [name] => gg25_a.dbf
                    [type] => application/octet-stream
                    [tmp_name] => C:\wamp\tmp\php55CD.tmp
                    [error] => 0
                    [size] => 1580
                )

        )

)

---
Array
(
    [time] => Tue, 05 Oct 2010 10:11:33 +0200
    [addr] => ******20EZ
    [agent] => Shockwave Flash
    [post] => Array
        (
            [Filename] => gg25_a.shp
            [Upload] => Submit Query
        )

    [files] => Array
        (
            [Filedata] => Array
                (
                    [name] => gg25_a.shp
                    [type] => application/octet-stream
                    [tmp_name] => C:\wamp\tmp\php5699.tmp
                    [error] => 0
                    [size] => 36332
                )

        )

)

---
Array
(
    [time] => Tue, 05 Oct 2010 10:11:33 +0200
    [addr] => ******20EZ
    [agent] => Shockwave Flash
    [post] => Array
        (
            [Filename] => gg25_a.shx
            [Upload] => Submit Query
        )

    [files] => Array
        (
            [Filedata] => Array
                (
                    [name] => gg25_a.shx
                    [type] => application/octet-stream
                    [tmp_name] => C:\wamp\tmp\php56F8.tmp
                    [error] => 0
                    [size] => 156
                )

        )

)

---
Array
(
    [time] => Tue, 05 Oct 2010 10:17:11 +0200
    [addr] => ******20EZ
    [agent] => Shockwave Flash
    [post] => Array
        (
            [Filename] => gg25_a.dbf
            [Upload] => Submit Query
        )

    [files] => Array
        (
            [Filedata] => Array
                (
                    [name] => gg25_a.dbf
                    [type] => application/octet-stream
                    [tmp_name] => C:\wamp\tmp\php80F5.tmp
                    [error] => 0
                    [size] => 1580
                )

        )

)

---
Array
(
    [time] => Tue, 05 Oct 2010 10:17:11 +0200
    [addr] => ******20EZ
    [agent] => Shockwave Flash
    [post] => Array
        (
            [Filename] => gg25_a.shp
            [Upload] => Submit Query
        )

    [files] => Array
        (
            [Filedata] => Array
                (
                    [name] => gg25_a.shp
                    [type] => application/octet-stream
                    [tmp_name] => C:\wamp\tmp\php8154.tmp
                    [error] => 0
                    [size] => 36332
                )

        )

)

---
Array
(
    [time] => Tue, 05 Oct 2010 10:17:11 +0200
    [addr] => ******20EZ
    [agent] => Shockwave Flash
    [post] => Array
        (
            [Filename] => gg25_a.shx
            [Upload] => Submit Query
        )

    [files] => Array
        (
            [Filedata] => Array
                (
                    [name] => gg25_a.shx
                    [type] => application/octet-stream
                    [tmp_name] => C:\wamp\tmp\php81A3.tmp
                    [error] => 0
                    [size] => 156
                )

        )

)

---
Array
(
    [time] => Tue, 05 Oct 2010 10:19:40 +0200
    [addr] => ******20EZ
    [agent] => Shockwave Flash
    [post] => Array
        (
            [Filename] => gg25_a.dbf
            [Upload] => Submit Query
        )

    [files] => Array
        (
            [Filedata] => Array
                (
                    [name] => gg25_a.dbf
                    [type] => application/octet-stream
                    [tmp_name] => C:\wamp\tmp\phpC7C8.tmp
                    [error] => 0
                    [size] => 1580
                )

        )

)

---
Array
(
    [time] => Tue, 05 Oct 2010 10:19:41 +0200
    [addr] => ******20EZ
    [agent] => Shockwave Flash
    [post] => Array
        (
            [Filename] => gg25_a.shp
            [Upload] => Submit Query
        )

    [files] => Array
        (
            [Filedata] => Array
                (
                    [name] => gg25_a.shp
                    [type] => application/octet-stream
                    [tmp_name] => C:\wamp\tmp\phpC826.tmp
                    [error] => 0
                    [size] => 36332
                )

        )

)

---
Array
(
    [time] => Tue, 05 Oct 2010 10:19:41 +0200
    [addr] => ******20EZ
    [agent] => Shockwave Flash
    [post] => Array
        (
            [Filename] => gg25_a.shx
            [Upload] => Submit Query
        )

    [files] => Array
        (
            [Filedata] => Array
                (
                    [name] => gg25_a.shx
                    [type] => application/octet-stream
                    [tmp_name] => C:\wamp\tmp\phpC856.tmp
                    [error] => 0
                    [size] => 156
                )

        )

)

---
Array
(
    [time] => Tue, 05 Oct 2010 10:22:13 +0200
    [addr] => ******20EZ
    [agent] => Shockwave Flash
    [post] => Array
        (
            [Filename] => gg25_a.dbf
            [Upload] => Submit Query
        )

    [files] => Array
        (
            [Filedata] => Array
                (
                    [name] => gg25_a.dbf
                    [type] => application/octet-stream
                    [tmp_name] => C:\wamp\tmp\php1C02.tmp
                    [error] => 0
                    [size] => 1580
                )

        )

)

---
Array
(
    [time] => Tue, 05 Oct 2010 10:22:13 +0200
    [addr] => ******20EZ
    [agent] => Shockwave Flash
    [post] => Array
        (
            [Filename] => gg25_a.shp
            [Upload] => Submit Query
        )

    [files] => Array
        (
            [Filedata] => Array
                (
                    [name] => gg25_a.shp
                    [type] => application/octet-stream
                    [tmp_name] => C:\wamp\tmp\php1C32.tmp
                    [error] => 0
                    [size] => 36332
                )

        )

)

---
Array
(
    [time] => Tue, 05 Oct 2010 10:22:13 +0200
    [addr] => ******20EZ
    [agent] => Shockwave Flash
    [post] => Array
        (
            [Filename] => gg25_a.shx
            [Upload] => Submit Query
        )

    [files] => Array
        (
            [Filedata] => Array
                (
                    [name] => gg25_a.shx
                    [type] => application/octet-stream
                    [tmp_name] => C:\wamp\tmp\php1C81.tmp
                    [error] => 0
                    [size] => 156
                )

        )

)

---
Array
(
    [time] => Tue, 05 Oct 2010 10:22:40 +0200
    [addr] => ******20EZ
    [agent] => Shockwave Flash
    [post] => Array
        (
            [Filename] => gg25_a.dbf
            [Upload] => Submit Query
        )

    [files] => Array
        (
            [Filedata] => Array
                (
                    [name] => gg25_a.dbf
                    [type] => application/octet-stream
                    [tmp_name] => C:\wamp\tmp\php8487.tmp
                    [error] => 0
                    [size] => 1580
                )

        )

)

---
Array
(
    [time] => Tue, 05 Oct 2010 10:22:40 +0200
    [addr] => ******20EZ
    [agent] => Shockwave Flash
    [post] => Array
        (
            [Filename] => gg25_a.shp
            [Upload] => Submit Query
        )

    [files] => Array
        (
            [Filedata] => Array
                (
                    [name] => gg25_a.shp
                    [type] => application/octet-stream
                    [tmp_name] => C:\wamp\tmp\php84A7.tmp
                    [error] => 0
                    [size] => 36332
                )

        )

)

---
Array
(
    [time] => Tue, 05 Oct 2010 10:22:40 +0200
    [addr] => ******20EZ
    [agent] => Shockwave Flash
    [post] => Array
        (
            [Filename] => gg25_a.shx
            [Upload] => Submit Query
        )

    [files] => Array
        (
            [Filedata] => Array
                (
                    [name] => gg25_a.shx
                    [type] => application/octet-stream
                    [tmp_name] => C:\wamp\tmp\php84E7.tmp
                    [error] => 0
                    [size] => 156
                )

        )

)

---
Array
(
    [time] => Tue, 05 Oct 2010 10:28:07 +0200
    [addr] => ******20EZ
    [agent] => Shockwave Flash
    [post] => Array
        (
            [Filename] => gg25_a.dbf
            [Upload] => Submit Query
        )

    [files] => Array
        (
            [Filedata] => Array
                (
                    [name] => gg25_a.dbf
                    [type] => application/octet-stream
                    [tmp_name] => C:\wamp\tmp\php80F2.tmp
                    [error] => 0
                    [size] => 1580
                )

        )

)

---
Array
(
    [time] => Tue, 05 Oct 2010 10:28:07 +0200
    [addr] => ******20EZ
    [agent] => Shockwave Flash
    [post] => Array
        (
            [Filename] => gg25_a.shp
            [Upload] => Submit Query
        )

    [files] => Array
        (
            [Filedata] => Array
                (
                    [name] => gg25_a.shp
                    [type] => application/octet-stream
                    [tmp_name] => C:\wamp\tmp\php8160.tmp
                    [error] => 0
                    [size] => 36332
                )

        )

)

---
Array
(
    [time] => Tue, 05 Oct 2010 10:28:07 +0200
    [addr] => ******20EZ
    [agent] => Shockwave Flash
    [post] => Array
        (
            [Filename] => gg25_a.shx
            [Upload] => Submit Query
        )

    [files] => Array
        (
            [Filedata] => Array
                (
                    [name] => gg25_a.shx
                    [type] => application/octet-stream
                    [tmp_name] => C:\wamp\tmp\php819F.tmp
                    [error] => 0
                    [size] => 156
                )

        )

)

---
Array
(
    [time] => Tue, 05 Oct 2010 10:30:25 +0200
    [addr] => ******20EZ
    [agent] => Shockwave Flash
    [post] => Array
        (
            [Filename] => gg25_a.dbf
            [Upload] => Submit Query
        )

    [files] => Array
        (
            [Filedata] => Array
                (
                    [name] => gg25_a.dbf
                    [type] => application/octet-stream
                    [tmp_name] => C:\wamp\tmp\php9FBB.tmp
                    [error] => 0
                    [size] => 1580
                )

        )

)

---
Array
(
    [time] => Tue, 05 Oct 2010 10:30:26 +0200
    [addr] => ******20EZ
    [agent] => Shockwave Flash
    [post] => Array
        (
            [Filename] => gg25_a.shp
            [Upload] => Submit Query
        )

    [files] => Array
        (
            [Filedata] => Array
                (
                    [name] => gg25_a.shp
                    [type] => application/octet-stream
                    [tmp_name] => C:\wamp\tmp\php9FFA.tmp
                    [error] => 0
                    [size] => 36332
                )

        )

)

---
Array
(
    [time] => Tue, 05 Oct 2010 10:30:26 +0200
    [addr] => ******20EZ
    [agent] => Shockwave Flash
    [post] => Array
        (
            [Filename] => gg25_a.shx
            [Upload] => Submit Query
        )

    [files] => Array
        (
            [Filedata] => Array
                (
                    [name] => gg25_a.shx
                    [type] => application/octet-stream
                    [tmp_name] => C:\wamp\tmp\phpA03A.tmp
                    [error] => 0
                    [size] => 156
                )

        )

)

---
Array
(
    [time] => Tue, 05 Oct 2010 10:38:57 +0200
    [addr] => ******20EZ
    [agent] => Shockwave Flash
    [post] => Array
        (
            [Filename] => gg25_a.dbf
            [Upload] => Submit Query
        )

    [files] => Array
        (
            [Filedata] => Array
                (
                    [name] => gg25_a.dbf
                    [type] => application/octet-stream
                    [tmp_name] => C:\wamp\tmp\php6D0B.tmp
                    [error] => 0
                    [size] => 1580
                )

        )

)

---
Array
(
    [time] => Tue, 05 Oct 2010 10:38:57 +0200
    [addr] => ******20EZ
    [agent] => Shockwave Flash
    [post] => Array
        (
            [Filename] => gg25_a.shp
            [Upload] => Submit Query
        )

    [files] => Array
        (
            [Filedata] => Array
                (
                    [name] => gg25_a.shp
                    [type] => application/octet-stream
                    [tmp_name] => C:\wamp\tmp\php6D4A.tmp
                    [error] => 0
                    [size] => 36332
                )

        )

)

---
Array
(
    [time] => Tue, 05 Oct 2010 10:38:57 +0200
    [addr] => ******20EZ
    [agent] => Shockwave Flash
    [post] => Array
        (
            [Filename] => gg25_a.shx
            [Upload] => Submit Query
        )

    [files] => Array
        (
            [Filedata] => Array
                (
                    [name] => gg25_a.shx
                    [type] => application/octet-stream
                    [tmp_name] => C:\wamp\tmp\php6DA9.tmp
                    [error] => 0
                    [size] => 156
                )

        )

)

---
Array
(
    [time] => Tue, 05 Oct 2010 10:45:43 +0200
    [addr] => ******20EZ
    [agent] => Shockwave Flash
    [post] => Array
        (
            [Filename] => gg25_a.dbf
            [Upload] => Submit Query
        )

    [files] => Array
        (
            [Filedata] => Array
                (
                    [name] => gg25_a.dbf
                    [type] => application/octet-stream
                    [tmp_name] => C:\wamp\tmp\php9FA2.tmp
                    [error] => 0
                    [size] => 1580
                )

        )

)

---
Array
(
    [time] => Tue, 05 Oct 2010 10:45:43 +0200
    [addr] => ******20EZ
    [agent] => Shockwave Flash
    [post] => Array
        (
            [Filename] => gg25_a.shp
            [Upload] => Submit Query
        )

    [files] => Array
        (
            [Filedata] => Array
                (
                    [name] => gg25_a.shp
                    [type] => application/octet-stream
                    [tmp_name] => C:\wamp\tmp\php9FE1.tmp
                    [error] => 0
                    [size] => 36332
                )

        )

)

---
Array
(
    [time] => Tue, 05 Oct 2010 10:45:43 +0200
    [addr] => ******20EZ
    [agent] => Shockwave Flash
    [post] => Array
        (
            [Filename] => gg25_a.shx
            [Upload] => Submit Query
        )

    [files] => Array
        (
            [Filedata] => Array
                (
                    [name] => gg25_a.shx
                    [type] => application/octet-stream
                    [tmp_name] => C:\wamp\tmp\phpA011.tmp
                    [error] => 0
                    [size] => 156
                )

        )

)

---
Array
(
    [time] => Tue, 05 Oct 2010 11:23:28 +0200
    [addr] => ******20EZ
    [agent] => Shockwave Flash
    [post] => Array
        (
            [Filename] => gg25_a.dbf
            [Upload] => Submit Query
        )

    [files] => Array
        (
            [Filedata] => Array
                (
                    [name] => gg25_a.dbf
                    [type] => application/octet-stream
                    [tmp_name] => C:\wamp\tmp\php2F66.tmp
                    [error] => 0
                    [size] => 1580
                )

        )

)

---
Array
(
    [time] => Tue, 05 Oct 2010 11:23:28 +0200
    [addr] => ******20EZ
    [agent] => Shockwave Flash
    [post] => Array
        (
            [Filename] => gg25_a.shp
            [Upload] => Submit Query
        )

    [files] => Array
        (
            [Filedata] => Array
                (
                    [name] => gg25_a.shp
                    [type] => application/octet-stream
                    [tmp_name] => C:\wamp\tmp\php2FA6.tmp
                    [error] => 0
                    [size] => 36332
                )

        )

)

---
Array
(
    [time] => Tue, 05 Oct 2010 11:23:28 +0200
    [addr] => ******20EZ
    [agent] => Shockwave Flash
    [post] => Array
        (
            [Filename] => gg25_a.shx
            [Upload] => Submit Query
        )

    [files] => Array
        (
            [Filedata] => Array
                (
                    [name] => gg25_a.shx
                    [type] => application/octet-stream
                    [tmp_name] => C:\wamp\tmp\php2FD5.tmp
                    [error] => 0
                    [size] => 156
                )

        )

)

---
Array
(
    [time] => Tue, 05 Oct 2010 11:51:31 +0200
    [addr] => ******20EZ
    [agent] => Shockwave Flash
    [post] => Array
        (
            [Filename] => gg25_a.dbf
            [Upload] => Submit Query
        )

    [files] => Array
        (
            [Filedata] => Array
                (
                    [name] => gg25_a.dbf
                    [type] => application/octet-stream
                    [tmp_name] => C:\wamp\tmp\phpDD35.tmp
                    [error] => 0
                    [size] => 1580
                )

        )

)

---
Array
(
    [time] => Tue, 05 Oct 2010 11:51:31 +0200
    [addr] => ******20EZ
    [agent] => Shockwave Flash
    [post] => Array
        (
            [Filename] => gg25_a.shp
            [Upload] => Submit Query
        )

    [files] => Array
        (
            [Filedata] => Array
                (
                    [name] => gg25_a.shp
                    [type] => application/octet-stream
                    [tmp_name] => C:\wamp\tmp\phpDD94.tmp
                    [error] => 0
                    [size] => 36332
                )

        )

)

---
Array
(
    [time] => Tue, 05 Oct 2010 11:51:31 +0200
    [addr] => ******20EZ
    [agent] => Shockwave Flash
    [post] => Array
        (
            [Filename] => gg25_a.shx
            [Upload] => Submit Query
        )

    [files] => Array
        (
            [Filedata] => Array
                (
                    [name] => gg25_a.shx
                    [type] => application/octet-stream
                    [tmp_name] => C:\wamp\tmp\phpDDD3.tmp
                    [error] => 0
                    [size] => 156
                )

        )

)

---
Array
(
    [time] => Tue, 05 Oct 2010 13:25:20 +0200
    [addr] => ******20EZ
    [agent] => Shockwave Flash
    [post] => Array
        (
            [Filename] => canalisation.dbf
            [Upload] => Submit Query
        )

    [files] => Array
        (
            [Filedata] => Array
                (
                    [name] => canalisation.dbf
                    [type] => application/octet-stream
                    [tmp_name] => C:\wamp\tmp\phpC47C.tmp
                    [error] => 0
                    [size] => 820313
                )

        )

)

---
Array
(
    [time] => Tue, 05 Oct 2010 13:25:20 +0200
    [addr] => ******20EZ
    [agent] => Shockwave Flash
    [post] => Array
        (
            [Filename] => canalisation.shp
            [Upload] => Submit Query
        )

    [files] => Array
        (
            [Filedata] => Array
                (
                    [name] => canalisation.shp
                    [type] => application/octet-stream
                    [tmp_name] => C:\wamp\tmp\phpC50A.tmp
                    [error] => 0
                    [size] => 148076
                )

        )

)

---
Array
(
    [time] => Tue, 05 Oct 2010 13:25:20 +0200
    [addr] => ******20EZ
    [agent] => Shockwave Flash
    [post] => Array
        (
            [Filename] => canalisation.shx
            [Upload] => Submit Query
        )

    [files] => Array
        (
            [Filedata] => Array
                (
                    [name] => canalisation.shx
                    [type] => application/octet-stream
                    [tmp_name] => C:\wamp\tmp\phpC559.tmp
                    [error] => 0
                    [size] => 13452
                )

        )

)

---
