Array
(
    [time] => Thu, 14 Apr 2011 14:07:43 +0200
    [addr] => ******ost
    [agent] => Shockwave Flash
    [post] => Array
        (
            [Filename] => MOVD_CAD_TPR_CSVERT_S.shx
            [Upload] => Submit Query
        )

    [files] => Array
        (
            [Filedata] => Array
                (
                    [name] => MOVD_CAD_TPR_CSVERT_S.shx
                    [type] => application/octet-stream
                    [tmp_name] => C:\wamp\tmp\php2F3.tmp
                    [error] => 0
                    [size] => 236
                )

        )

)

---
Array
(
    [time] => Thu, 14 Apr 2011 14:07:43 +0200
    [addr] => ******ost
    [agent] => Shockwave Flash
    [post] => Array
        (
            [Filename] => MOVD_CAD_TPR_CSVERT_S.dbf
            [Upload] => Submit Query
        )

    [files] => Array
        (
            [Filedata] => Array
                (
                    [name] => MOVD_CAD_TPR_CSVERT_S.dbf
                    [type] => application/octet-stream
                    [tmp_name] => C:\wamp\tmp\php2F4.tmp
                    [error] => 0
                    [size] => 3286
                )

        )

)

---
Array
(
    [time] => Thu, 14 Apr 2011 14:15:45 +0200
    [addr] => ******ost
    [agent] => Shockwave Flash
    [post] => Array
        (
            [Filename] => MOVD_CAD_TPR_CSVERT_S.shp
            [Upload] => Submit Query
        )

    [files] => Array
        (
            [Filedata] => Array
                (
                    [name] => MOVD_CAD_TPR_CSVERT_S.shp
                    [type] => application/octet-stream
                    [tmp_name] => C:\wamp\tmp\php2F9.tmp
                    [error] => 0
                    [size] => 14060
                )

        )

)

---
Array
(
    [time] => Thu, 14 Apr 2011 14:15:45 +0200
    [addr] => ******ost
    [agent] => Shockwave Flash
    [post] => Array
        (
            [Filename] => MOVD_CAD_TPR_CSVERT_S.shx
            [Upload] => Submit Query
        )

    [files] => Array
        (
            [Filedata] => Array
                (
                    [name] => MOVD_CAD_TPR_CSVERT_S.shx
                    [type] => application/octet-stream
                    [tmp_name] => C:\wamp\tmp\php2FA.tmp
                    [error] => 0
                    [size] => 236
                )

        )

)

---
Array
(
    [time] => Thu, 14 Apr 2011 14:15:45 +0200
    [addr] => ******ost
    [agent] => Shockwave Flash
    [post] => Array
        (
            [Filename] => MOVD_CAD_TPR_CSVERT_S.dbf
            [Upload] => Submit Query
        )

    [files] => Array
        (
            [Filedata] => Array
                (
                    [name] => MOVD_CAD_TPR_CSVERT_S.dbf
                    [type] => application/octet-stream
                    [tmp_name] => C:\wamp\tmp\php2FB.tmp
                    [error] => 0
                    [size] => 3286
                )

        )

)

---
Array
(
    [time] => Thu, 14 Apr 2011 14:21:53 +0200
    [addr] => ******ost
    [agent] => Shockwave Flash
    [post] => Array
        (
            [Filename] => Buch_ass_chambre.mif
            [Upload] => Submit Query
        )

    [files] => Array
        (
            [Filedata] => Array
                (
                    [name] => Buch_ass_chambre.mif
                    [type] => application/octet-stream
                    [tmp_name] => C:\wamp\tmp\php2FD.tmp
                    [error] => 0
                    [size] => 8399
                )

        )

)

---
Array
(
    [time] => Thu, 14 Apr 2011 14:21:53 +0200
    [addr] => ******ost
    [agent] => Shockwave Flash
    [post] => Array
        (
            [Filename] => Buch_ass_chambre.mid
            [Upload] => Submit Query
        )

    [files] => Array
        (
            [Filedata] => Array
                (
                    [name] => Buch_ass_chambre.mid
                    [type] => application/octet-stream
                    [tmp_name] => C:\wamp\tmp\php2FE.tmp
                    [error] => 0
                    [size] => 40546
                )

        )

)

---
Array
(
    [time] => Thu, 14 Apr 2011 14:22:33 +0200
    [addr] => ******ost
    [agent] => Shockwave Flash
    [post] => Array
        (
            [Filename] => Buch_ass_chambre.mid
            [Upload] => Submit Query
        )

    [files] => Array
        (
            [Filedata] => Array
                (
                    [name] => Buch_ass_chambre.mid
                    [type] => application/octet-stream
                    [tmp_name] => C:\wamp\tmp\php300.tmp
                    [error] => 0
                    [size] => 40546
                )

        )

)

---
Array
(
    [time] => Thu, 14 Apr 2011 14:22:34 +0200
    [addr] => ******ost
    [agent] => Shockwave Flash
    [post] => Array
        (
            [Filename] => Buch_ass_chambre.mif
            [Upload] => Submit Query
        )

    [files] => Array
        (
            [Filedata] => Array
                (
                    [name] => Buch_ass_chambre.mif
                    [type] => application/octet-stream
                    [tmp_name] => C:\wamp\tmp\php301.tmp
                    [error] => 0
                    [size] => 8399
                )

        )

)

---
Array
(
    [time] => Thu, 14 Apr 2011 14:28:19 +0200
    [addr] => ******ost
    [agent] => Shockwave Flash
    [post] => Array
        (
            [Filename] => Buch_ass_chambre.mif
            [Upload] => Submit Query
        )

    [files] => Array
        (
            [Filedata] => Array
                (
                    [name] => Buch_ass_chambre.mif
                    [type] => application/octet-stream
                    [tmp_name] => C:\wamp\tmp\php303.tmp
                    [error] => 0
                    [size] => 8399
                )

        )

)

---
Array
(
    [time] => Thu, 14 Apr 2011 14:28:19 +0200
    [addr] => ******ost
    [agent] => Shockwave Flash
    [post] => Array
        (
            [Filename] => Buch_ass_chambre.mid
            [Upload] => Submit Query
        )

    [files] => Array
        (
            [Filedata] => Array
                (
                    [name] => Buch_ass_chambre.mid
                    [type] => application/octet-stream
                    [tmp_name] => C:\wamp\tmp\php304.tmp
                    [error] => 0
                    [size] => 40546
                )

        )

)

---
Array
(
    [time] => Thu, 14 Apr 2011 14:28:51 +0200
    [addr] => ******ost
    [agent] => Shockwave Flash
    [post] => Array
        (
            [Filename] => Buch_ass_chambre.mif
            [Upload] => Submit Query
        )

    [files] => Array
        (
            [Filedata] => Array
                (
                    [name] => Buch_ass_chambre.mif
                    [type] => application/octet-stream
                    [tmp_name] => C:\wamp\tmp\php306.tmp
                    [error] => 0
                    [size] => 8399
                )

        )

)

---
Array
(
    [time] => Thu, 14 Apr 2011 14:28:51 +0200
    [addr] => ******ost
    [agent] => Shockwave Flash
    [post] => Array
        (
            [Filename] => Buch_ass_chambre.mid
            [Upload] => Submit Query
        )

    [files] => Array
        (
            [Filedata] => Array
                (
                    [name] => Buch_ass_chambre.mid
                    [type] => application/octet-stream
                    [tmp_name] => C:\wamp\tmp\php307.tmp
                    [error] => 0
                    [size] => 40546
                )

        )

)

---
Array
(
    [time] => Tue, 19 Apr 2011 14:55:30 +0200
    [addr] => ******ost
    [agent] => Shockwave Flash
    [post] => Array
        (
            [Filename] => MOVD_CAD_TPR_PARV_S.dbf
            [Upload] => Submit Query
        )

    [files] => Array
        (
            [Filedata] => Array
                (
                    [name] => MOVD_CAD_TPR_PARV_S.dbf
                    [type] => application/octet-stream
                    [tmp_name] => C:\wamp\tmp\php677.tmp
                    [error] => 0
                    [size] => 19008
                )

        )

)

---
Array
(
    [time] => Tue, 19 Apr 2011 14:55:30 +0200
    [addr] => ******ost
    [agent] => Shockwave Flash
    [post] => Array
        (
            [Filename] => MOVD_CAD_TPR_PARV_S.shp
            [Upload] => Submit Query
        )

    [files] => Array
        (
            [Filedata] => Array
                (
                    [name] => MOVD_CAD_TPR_PARV_S.shp
                    [type] => application/octet-stream
                    [tmp_name] => C:\wamp\tmp\php678.tmp
                    [error] => 0
                    [size] => 26124
                )

        )

)

---
Array
(
    [time] => Tue, 19 Apr 2011 14:55:30 +0200
    [addr] => ******ost
    [agent] => Shockwave Flash
    [post] => Array
        (
            [Filename] => MOVD_CAD_TPR_PARV_S.shx
            [Upload] => Submit Query
        )

    [files] => Array
        (
            [Filedata] => Array
                (
                    [name] => MOVD_CAD_TPR_PARV_S.shx
                    [type] => application/octet-stream
                    [tmp_name] => C:\wamp\tmp\php679.tmp
                    [error] => 0
                    [size] => 572
                )

        )

)

---
Array
(
    [time] => Tue, 19 Apr 2011 14:58:03 +0200
    [addr] => ******ost
    [agent] => Shockwave Flash
    [post] => Array
        (
            [Filename] => Buch_ass_chambre.mif
            [Upload] => Submit Query
        )

    [files] => Array
        (
            [Filedata] => Array
                (
                    [name] => Buch_ass_chambre.mif
                    [type] => application/octet-stream
                    [tmp_name] => C:\wamp\tmp\php683.tmp
                    [error] => 0
                    [size] => 8399
                )

        )

)

---
Array
(
    [time] => Tue, 19 Apr 2011 14:58:03 +0200
    [addr] => ******ost
    [agent] => Shockwave Flash
    [post] => Array
        (
            [Filename] => Buch_ass_chambre.mid
            [Upload] => Submit Query
        )

    [files] => Array
        (
            [Filedata] => Array
                (
                    [name] => Buch_ass_chambre.mid
                    [type] => application/octet-stream
                    [tmp_name] => C:\wamp\tmp\php684.tmp
                    [error] => 0
                    [size] => 40546
                )

        )

)

---
Array
(
    [time] => Tue, 19 Apr 2011 15:07:41 +0200
    [addr] => ******ost
    [agent] => Shockwave Flash
    [post] => Array
        (
            [Filename] => Buch_ass_chambre.mif
            [Upload] => Submit Query
        )

    [files] => Array
        (
            [Filedata] => Array
                (
                    [name] => Buch_ass_chambre.mif
                    [type] => application/octet-stream
                    [tmp_name] => C:\wamp\tmp\php687.tmp
                    [error] => 0
                    [size] => 8399
                )

        )

)

---
Array
(
    [time] => Tue, 19 Apr 2011 15:07:41 +0200
    [addr] => ******ost
    [agent] => Shockwave Flash
    [post] => Array
        (
            [Filename] => Buch_ass_chambre.mid
            [Upload] => Submit Query
        )

    [files] => Array
        (
            [Filedata] => Array
                (
                    [name] => Buch_ass_chambre.mid
                    [type] => application/octet-stream
                    [tmp_name] => C:\wamp\tmp\php688.tmp
                    [error] => 0
                    [size] => 40546
                )

        )

)

---
Array
(
    [time] => Tue, 19 Apr 2011 15:08:49 +0200
    [addr] => ******ost
    [agent] => Shockwave Flash
    [post] => Array
        (
            [Filename] => Buch_ass_chambre.mid
            [Upload] => Submit Query
        )

    [files] => Array
        (
            [Filedata] => Array
                (
                    [name] => Buch_ass_chambre.mid
                    [type] => application/octet-stream
                    [tmp_name] => C:\wamp\tmp\php68A.tmp
                    [error] => 0
                    [size] => 40546
                )

        )

)

---
Array
(
    [time] => Tue, 19 Apr 2011 15:08:49 +0200
    [addr] => ******ost
    [agent] => Shockwave Flash
    [post] => Array
        (
            [Filename] => Buch_ass_chambre.mif
            [Upload] => Submit Query
        )

    [files] => Array
        (
            [Filedata] => Array
                (
                    [name] => Buch_ass_chambre.mif
                    [type] => application/octet-stream
                    [tmp_name] => C:\wamp\tmp\php68B.tmp
                    [error] => 0
                    [size] => 8399
                )

        )

)

---
Array
(
    [time] => Tue, 19 Apr 2011 15:15:50 +0200
    [addr] => ******ost
    [agent] => Shockwave Flash
    [post] => Array
        (
            [Filename] => Buch_ass_chambre.mif
            [Upload] => Submit Query
        )

    [files] => Array
        (
            [Filedata] => Array
                (
                    [name] => Buch_ass_chambre.mif
                    [type] => application/octet-stream
                    [tmp_name] => C:\wamp\tmp\php692.tmp
                    [error] => 0
                    [size] => 8399
                )

        )

)

---
Array
(
    [time] => Tue, 19 Apr 2011 15:15:50 +0200
    [addr] => ******ost
    [agent] => Shockwave Flash
    [post] => Array
        (
            [Filename] => Buch_ass_chambre.mid
            [Upload] => Submit Query
        )

    [files] => Array
        (
            [Filedata] => Array
                (
                    [name] => Buch_ass_chambre.mid
                    [type] => application/octet-stream
                    [tmp_name] => C:\wamp\tmp\php693.tmp
                    [error] => 0
                    [size] => 40546
                )

        )

)

---
Array
(
    [time] => Thu, 21 Apr 2011 12:18:07 +0200
    [addr] => ******ost
    [agent] => Shockwave Flash
    [post] => Array
        (
            [Filename] => Buch_ass_chambre.mif
            [Upload] => Submit Query
        )

    [files] => Array
        (
            [Filedata] => Array
                (
                    [name] => Buch_ass_chambre.mif
                    [type] => application/octet-stream
                    [tmp_name] => C:\wamp\tmp\php846.tmp
                    [error] => 0
                    [size] => 8399
                )

        )

)

---
Array
(
    [time] => Thu, 21 Apr 2011 12:18:08 +0200
    [addr] => ******ost
    [agent] => Shockwave Flash
    [post] => Array
        (
            [Filename] => Buch_ass_chambre.mid
            [Upload] => Submit Query
        )

    [files] => Array
        (
            [Filedata] => Array
                (
                    [name] => Buch_ass_chambre.mid
                    [type] => application/octet-stream
                    [tmp_name] => C:\wamp\tmp\php847.tmp
                    [error] => 0
                    [size] => 40546
                )

        )

)

---
Array
(
    [time] => Thu, 21 Apr 2011 12:25:42 +0200
    [addr] => ******ost
    [agent] => Shockwave Flash
    [post] => Array
        (
            [Filename] => Buch_ass_chambre.mif
            [Upload] => Submit Query
        )

    [files] => Array
        (
            [Filedata] => Array
                (
                    [name] => Buch_ass_chambre.mif
                    [type] => application/octet-stream
                    [tmp_name] => C:\wamp\tmp\php849.tmp
                    [error] => 0
                    [size] => 8399
                )

        )

)

---
Array
(
    [time] => Thu, 21 Apr 2011 12:25:42 +0200
    [addr] => ******ost
    [agent] => Shockwave Flash
    [post] => Array
        (
            [Filename] => Buch_ass_chambre.mid
            [Upload] => Submit Query
        )

    [files] => Array
        (
            [Filedata] => Array
                (
                    [name] => Buch_ass_chambre.mid
                    [type] => application/octet-stream
                    [tmp_name] => C:\wamp\tmp\php84A.tmp
                    [error] => 0
                    [size] => 40546
                )

        )

)

---
Array
(
    [time] => Thu, 21 Apr 2011 12:26:28 +0200
    [addr] => ******ost
    [agent] => Shockwave Flash
    [post] => Array
        (
            [Filename] => Buch_ass_chambre.mif
            [Upload] => Submit Query
        )

    [files] => Array
        (
            [Filedata] => Array
                (
                    [name] => Buch_ass_chambre.mif
                    [type] => application/octet-stream
                    [tmp_name] => C:\wamp\tmp\php84C.tmp
                    [error] => 0
                    [size] => 8399
                )

        )

)

---
Array
(
    [time] => Thu, 21 Apr 2011 12:26:28 +0200
    [addr] => ******ost
    [agent] => Shockwave Flash
    [post] => Array
        (
            [Filename] => Buch_ass_chambre.mid
            [Upload] => Submit Query
        )

    [files] => Array
        (
            [Filedata] => Array
                (
                    [name] => Buch_ass_chambre.mid
                    [type] => application/octet-stream
                    [tmp_name] => C:\wamp\tmp\php84D.tmp
                    [error] => 0
                    [size] => 40546
                )

        )

)

---
Array
(
    [time] => Thu, 21 Apr 2011 12:27:46 +0200
    [addr] => ******ost
    [agent] => Shockwave Flash
    [post] => Array
        (
            [Filename] => Buch_ass_chambre.mid
            [Upload] => Submit Query
        )

    [files] => Array
        (
            [Filedata] => Array
                (
                    [name] => Buch_ass_chambre.mid
                    [type] => application/octet-stream
                    [tmp_name] => C:\wamp\tmp\php84F.tmp
                    [error] => 0
                    [size] => 40546
                )

        )

)

---
Array
(
    [time] => Thu, 21 Apr 2011 12:27:46 +0200
    [addr] => ******ost
    [agent] => Shockwave Flash
    [post] => Array
        (
            [Filename] => Buch_ass_chambre.mif
            [Upload] => Submit Query
        )

    [files] => Array
        (
            [Filedata] => Array
                (
                    [name] => Buch_ass_chambre.mif
                    [type] => application/octet-stream
                    [tmp_name] => C:\wamp\tmp\php850.tmp
                    [error] => 0
                    [size] => 8399
                )

        )

)

---
Array
(
    [time] => Thu, 21 Apr 2011 12:28:17 +0200
    [addr] => ******ost
    [agent] => Shockwave Flash
    [post] => Array
        (
            [Filename] => Buch_ass_chambre.mid
            [Upload] => Submit Query
        )

    [files] => Array
        (
            [Filedata] => Array
                (
                    [name] => Buch_ass_chambre.mid
                    [type] => application/octet-stream
                    [tmp_name] => C:\wamp\tmp\php852.tmp
                    [error] => 0
                    [size] => 40546
                )

        )

)

---
Array
(
    [time] => Thu, 21 Apr 2011 12:28:17 +0200
    [addr] => ******ost
    [agent] => Shockwave Flash
    [post] => Array
        (
            [Filename] => Buch_ass_chambre.mif
            [Upload] => Submit Query
        )

    [files] => Array
        (
            [Filedata] => Array
                (
                    [name] => Buch_ass_chambre.mif
                    [type] => application/octet-stream
                    [tmp_name] => C:\wamp\tmp\php853.tmp
                    [error] => 0
                    [size] => 8399
                )

        )

)

---
Array
(
    [time] => Thu, 21 Apr 2011 12:29:42 +0200
    [addr] => ******ost
    [agent] => Shockwave Flash
    [post] => Array
        (
            [Filename] => Buch_ass_chambre.mif
            [Upload] => Submit Query
        )

    [files] => Array
        (
            [Filedata] => Array
                (
                    [name] => Buch_ass_chambre.mif
                    [type] => application/octet-stream
                    [tmp_name] => C:\wamp\tmp\php856.tmp
                    [error] => 0
                    [size] => 8399
                )

        )

)

---
Array
(
    [time] => Thu, 21 Apr 2011 12:29:42 +0200
    [addr] => ******ost
    [agent] => Shockwave Flash
    [post] => Array
        (
            [Filename] => Buch_ass_chambre.mid
            [Upload] => Submit Query
        )

    [files] => Array
        (
            [Filedata] => Array
                (
                    [name] => Buch_ass_chambre.mid
                    [type] => application/octet-stream
                    [tmp_name] => C:\wamp\tmp\php857.tmp
                    [error] => 0
                    [size] => 40546
                )

        )

)

---
Array
(
    [time] => Thu, 21 Apr 2011 12:30:12 +0200
    [addr] => ******ost
    [agent] => Shockwave Flash
    [post] => Array
        (
            [Filename] => Buch_ass_chambre.mif
            [Upload] => Submit Query
        )

    [files] => Array
        (
            [Filedata] => Array
                (
                    [name] => Buch_ass_chambre.mif
                    [type] => application/octet-stream
                    [tmp_name] => C:\wamp\tmp\php859.tmp
                    [error] => 0
                    [size] => 8399
                )

        )

)

---
Array
(
    [time] => Thu, 21 Apr 2011 12:30:12 +0200
    [addr] => ******ost
    [agent] => Shockwave Flash
    [post] => Array
        (
            [Filename] => Buch_ass_chambre.mid
            [Upload] => Submit Query
        )

    [files] => Array
        (
            [Filedata] => Array
                (
                    [name] => Buch_ass_chambre.mid
                    [type] => application/octet-stream
                    [tmp_name] => C:\wamp\tmp\php85A.tmp
                    [error] => 0
                    [size] => 40546
                )

        )

)

---
Array
(
    [time] => Thu, 21 Apr 2011 12:31:17 +0200
    [addr] => ******ost
    [agent] => Shockwave Flash
    [post] => Array
        (
            [Filename] => Buch_ass_chambre.mid
            [Upload] => Submit Query
        )

    [files] => Array
        (
            [Filedata] => Array
                (
                    [name] => Buch_ass_chambre.mid
                    [type] => application/octet-stream
                    [tmp_name] => C:\wamp\tmp\php85C.tmp
                    [error] => 0
                    [size] => 40546
                )

        )

)

---
Array
(
    [time] => Thu, 21 Apr 2011 12:31:17 +0200
    [addr] => ******ost
    [agent] => Shockwave Flash
    [post] => Array
        (
            [Filename] => Buch_ass_chambre.mif
            [Upload] => Submit Query
        )

    [files] => Array
        (
            [Filedata] => Array
                (
                    [name] => Buch_ass_chambre.mif
                    [type] => application/octet-stream
                    [tmp_name] => C:\wamp\tmp\php85D.tmp
                    [error] => 0
                    [size] => 8399
                )

        )

)

---
Array
(
    [time] => Thu, 21 Apr 2011 12:33:02 +0200
    [addr] => ******ost
    [agent] => Shockwave Flash
    [post] => Array
        (
            [Filename] => MOVD_CAD_TPR_PARV_S.mif
            [Upload] => Submit Query
        )

    [files] => Array
        (
            [Filedata] => Array
                (
                    [name] => MOVD_CAD_TPR_PARV_S.mif
                    [type] => application/octet-stream
                    [tmp_name] => C:\wamp\tmp\php85F.tmp
                    [error] => 0
                    [size] => 1178957
                )

        )

)

---
Array
(
    [time] => Thu, 21 Apr 2011 12:33:02 +0200
    [addr] => ******ost
    [agent] => Shockwave Flash
    [post] => Array
        (
            [Filename] => MOVD_CAD_TPR_PARV_S.mid
            [Upload] => Submit Query
        )

    [files] => Array
        (
            [Filedata] => Array
                (
                    [name] => MOVD_CAD_TPR_PARV_S.mid
                    [type] => application/octet-stream
                    [tmp_name] => C:\wamp\tmp\php860.tmp
                    [error] => 0
                    [size] => 222703
                )

        )

)

---
Array
(
    [time] => Thu, 21 Apr 2011 12:34:17 +0200
    [addr] => ******ost
    [agent] => Shockwave Flash
    [post] => Array
        (
            [Filename] => MOVD_CAD_TPR_PARV_S.mif
            [Upload] => Submit Query
        )

    [files] => Array
        (
            [Filedata] => Array
                (
                    [name] => MOVD_CAD_TPR_PARV_S.mif
                    [type] => application/octet-stream
                    [tmp_name] => C:\wamp\tmp\php862.tmp
                    [error] => 0
                    [size] => 1178957
                )

        )

)

---
Array
(
    [time] => Thu, 21 Apr 2011 12:34:18 +0200
    [addr] => ******ost
    [agent] => Shockwave Flash
    [post] => Array
        (
            [Filename] => MOVD_CAD_TPR_PARV_S.mid
            [Upload] => Submit Query
        )

    [files] => Array
        (
            [Filedata] => Array
                (
                    [name] => MOVD_CAD_TPR_PARV_S.mid
                    [type] => application/octet-stream
                    [tmp_name] => C:\wamp\tmp\php863.tmp
                    [error] => 0
                    [size] => 222703
                )

        )

)

---
Array
(
    [time] => Thu, 21 Apr 2011 12:36:14 +0200
    [addr] => ******ost
    [agent] => Shockwave Flash
    [post] => Array
        (
            [Filename] => MOVD_CAD_TPR_PARV_S.mif
            [Upload] => Submit Query
        )

    [files] => Array
        (
            [Filedata] => Array
                (
                    [name] => MOVD_CAD_TPR_PARV_S.mif
                    [type] => application/octet-stream
                    [tmp_name] => C:\wamp\tmp\php866.tmp
                    [error] => 0
                    [size] => 1178957
                )

        )

)

---
Array
(
    [time] => Thu, 21 Apr 2011 12:36:15 +0200
    [addr] => ******ost
    [agent] => Shockwave Flash
    [post] => Array
        (
            [Filename] => MOVD_CAD_TPR_PARV_S.mid
            [Upload] => Submit Query
        )

    [files] => Array
        (
            [Filedata] => Array
                (
                    [name] => MOVD_CAD_TPR_PARV_S.mid
                    [type] => application/octet-stream
                    [tmp_name] => C:\wamp\tmp\php867.tmp
                    [error] => 0
                    [size] => 222703
                )

        )

)

---
Array
(
    [time] => Thu, 21 Apr 2011 12:37:53 +0200
    [addr] => ******ost
    [agent] => Shockwave Flash
    [post] => Array
        (
            [Filename] => MOVD_CAD_TPR_PLIM_P.mif
            [Upload] => Submit Query
        )

    [files] => Array
        (
            [Filedata] => Array
                (
                    [name] => MOVD_CAD_TPR_PLIM_P.mif
                    [type] => application/octet-stream
                    [tmp_name] => C:\wamp\tmp\php869.tmp
                    [error] => 0
                    [size] => 345767
                )

        )

)

---
Array
(
    [time] => Thu, 21 Apr 2011 12:37:53 +0200
    [addr] => ******ost
    [agent] => Shockwave Flash
    [post] => Array
        (
            [Filename] => MOVD_CAD_TPR_PLIM_P.mid
            [Upload] => Submit Query
        )

    [files] => Array
        (
            [Filedata] => Array
                (
                    [name] => MOVD_CAD_TPR_PLIM_P.mid
                    [type] => application/octet-stream
                    [tmp_name] => C:\wamp\tmp\php86A.tmp
                    [error] => 0
                    [size] => 902407
                )

        )

)

---
Array
(
    [time] => Thu, 21 Apr 2011 12:39:46 +0200
    [addr] => ******ost
    [agent] => Shockwave Flash
    [post] => Array
        (
            [Filename] => MOVD_CAD_TPR_PARV_S.mid
            [Upload] => Submit Query
        )

    [files] => Array
        (
            [Filedata] => Array
                (
                    [name] => MOVD_CAD_TPR_PARV_S.mid
                    [type] => application/octet-stream
                    [tmp_name] => C:\wamp\tmp\php86E.tmp
                    [error] => 0
                    [size] => 222703
                )

        )

)

---
Array
(
    [time] => Thu, 21 Apr 2011 12:39:46 +0200
    [addr] => ******ost
    [agent] => Shockwave Flash
    [post] => Array
        (
            [Filename] => MOVD_CAD_TPR_PARV_S.mif
            [Upload] => Submit Query
        )

    [files] => Array
        (
            [Filedata] => Array
                (
                    [name] => MOVD_CAD_TPR_PARV_S.mif
                    [type] => application/octet-stream
                    [tmp_name] => C:\wamp\tmp\php86F.tmp
                    [error] => 0
                    [size] => 1178957
                )

        )

)

---
Array
(
    [time] => Tue, 26 Apr 2011 13:53:39 +0200
    [addr] => ******ost
    [agent] => Mozilla/5.0 (Windows; U; Windows NT 5.1; fr; rv:1.9.2.15) Gecko/20110303 Firefox/3.6.15 ( .NET CLR 3.5.30729; .NET4.0E)
    [files] => Array
        (
            [photo-path] => Array
                (
                    [name] => canalisation.shp
                    [type] => application/octet-stream
                    [tmp_name] => C:\wamp\tmp\phpC03.tmp
                    [error] => 0
                    [size] => 148076
                )

        )

)

---
Array
(
    [time] => Tue, 26 Apr 2011 13:56:52 +0200
    [addr] => ******ost
    [agent] => Mozilla/5.0 (Windows; U; Windows NT 5.1; fr; rv:1.9.2.15) Gecko/20110303 Firefox/3.6.15 ( .NET CLR 3.5.30729; .NET4.0E)
    [files] => Array
        (
            [Filedata] => Array
                (
                    [name] => canalisation.dbf
                    [type] => application/octet-stream
                    [tmp_name] => C:\wamp\tmp\phpC05.tmp
                    [error] => 0
                    [size] => 820313
                )

        )

)

---
Array
(
    [time] => Tue, 26 Apr 2011 14:01:09 +0200
    [addr] => ******ost
    [agent] => Mozilla/5.0 (Windows; U; Windows NT 5.1; fr; rv:1.9.2.15) Gecko/20110303 Firefox/3.6.15 ( .NET CLR 3.5.30729; .NET4.0E)
    [files] => Array
        (
            [Filedata] => Array
                (
                    [name] => canalisation.shx
                    [type] => application/octet-stream
                    [tmp_name] => C:\wamp\tmp\phpC06.tmp
                    [error] => 0
                    [size] => 13452
                )

        )

)

---
Array
(
    [time] => Tue, 26 Apr 2011 14:01:13 +0200
    [addr] => ******ost
    [agent] => Mozilla/5.0 (Windows; U; Windows NT 5.1; fr; rv:1.9.2.15) Gecko/20110303 Firefox/3.6.15 ( .NET CLR 3.5.30729; .NET4.0E)
    [files] => Array
        (
            [Filedata] => Array
                (
                    [name] => canalisation.shx
                    [type] => application/octet-stream
                    [tmp_name] => C:\wamp\tmp\phpC07.tmp
                    [error] => 0
                    [size] => 13452
                )

        )

)

---
Array
(
    [time] => Tue, 26 Apr 2011 14:02:03 +0200
    [addr] => ******ost
    [agent] => Mozilla/5.0 (Windows; U; Windows NT 5.1; fr; rv:1.9.2.15) Gecko/20110303 Firefox/3.6.15 ( .NET CLR 3.5.30729; .NET4.0E)
    [files] => Array
        (
            [Filedata] => Array
                (
                    [name] => gg25_a.shp
                    [type] => application/octet-stream
                    [tmp_name] => C:\wamp\tmp\phpC09.tmp
                    [error] => 0
                    [size] => 36332
                )

        )

)

---
Array
(
    [time] => Tue, 26 Apr 2011 14:02:40 +0200
    [addr] => ******ost
    [agent] => Mozilla/5.0 (Windows; U; Windows NT 5.1; fr; rv:1.9.2.15) Gecko/20110303 Firefox/3.6.15 ( .NET CLR 3.5.30729; .NET4.0E)
    [files] => Array
        (
            [Filedata] => Array
                (
                    [name] => gg25_a.shp
                    [type] => application/octet-stream
                    [tmp_name] => C:\wamp\tmp\phpC0A.tmp
                    [error] => 0
                    [size] => 36332
                )

        )

)

---
Array
(
    [time] => Tue, 26 Apr 2011 14:02:46 +0200
    [addr] => ******ost
    [agent] => Mozilla/5.0 (Windows; U; Windows NT 5.1; fr; rv:1.9.2.15) Gecko/20110303 Firefox/3.6.15 ( .NET CLR 3.5.30729; .NET4.0E)
    [files] => Array
        (
            [Filedata] => Array
                (
                    [name] => gg25_a.shp
                    [type] => application/octet-stream
                    [tmp_name] => C:\wamp\tmp\phpC0B.tmp
                    [error] => 0
                    [size] => 36332
                )

        )

)

---
Array
(
    [time] => Tue, 26 Apr 2011 14:03:19 +0200
    [addr] => ******ost
    [agent] => Mozilla/5.0 (Windows; U; Windows NT 5.1; fr; rv:1.9.2.15) Gecko/20110303 Firefox/3.6.15 ( .NET CLR 3.5.30729; .NET4.0E)
    [files] => Array
        (
            [Filedata] => Array
                (
                    [name] => test_data_epsg_21781.zip
                    [type] => application/zip
                    [tmp_name] => C:\wamp\tmp\phpC0C.tmp
                    [error] => 0
                    [size] => 10284
                )

        )

)

---
Array
(
    [time] => Tue, 26 Apr 2011 14:07:16 +0200
    [addr] => ******ost
    [agent] => Mozilla/5.0 (Windows; U; Windows NT 5.1; fr; rv:1.9.2.15) Gecko/20110303 Firefox/3.6.15 ( .NET CLR 3.5.30729; .NET4.0E)
    [files] => Array
        (
            [Filedata] => Array
                (
                    [name] => gaz.dxf
                    [type] => application/octet-stream
                    [tmp_name] => C:\wamp\tmp\phpC0E.tmp
                    [error] => 0
                    [size] => 1809102
                )

        )

)

---
Array
(
    [time] => Tue, 26 Apr 2011 14:08:39 +0200
    [addr] => ******ost
    [agent] => Mozilla/5.0 (Windows; U; Windows NT 5.1; fr; rv:1.9.2.15) Gecko/20110303 Firefox/3.6.15 ( .NET CLR 3.5.30729; .NET4.0E)
    [files] => Array
        (
            [Filedata] => Array
                (
                    [name] => gaz.dxf
                    [type] => application/octet-stream
                    [tmp_name] => C:\wamp\tmp\phpC10.tmp
                    [error] => 0
                    [size] => 1809102
                )

        )

)

---
Array
(
    [time] => Tue, 26 Apr 2011 14:09:50 +0200
    [addr] => ******ost
    [agent] => Mozilla/5.0 (Windows; U; Windows NT 5.1; fr; rv:1.9.2.15) Gecko/20110303 Firefox/3.6.15 ( .NET CLR 3.5.30729; .NET4.0E)
    [files] => Array
        (
            [Filedata] => Array
                (
                    [name] => gaz.dxf
                    [type] => application/octet-stream
                    [tmp_name] => C:\wamp\tmp\phpC12.tmp
                    [error] => 0
                    [size] => 1809102
                )

        )

)

---
Array
(
    [time] => Tue, 26 Apr 2011 14:13:30 +0200
    [addr] => ******ost
    [agent] => Mozilla/5.0 (Windows; U; Windows NT 5.1; fr; rv:1.9.2.15) Gecko/20110303 Firefox/3.6.15 ( .NET CLR 3.5.30729; .NET4.0E)
    [files] => Array
        (
            [Filedata] => Array
                (
                    [name] => gaz.dxf
                    [type] => application/octet-stream
                    [tmp_name] => C:\wamp\tmp\phpC15.tmp
                    [error] => 0
                    [size] => 1809102
                )

        )

)

---
Array
(
    [time] => Tue, 26 Apr 2011 14:16:24 +0200
    [addr] => ******ost
    [agent] => Mozilla/5.0 (Windows; U; Windows NT 5.1; fr; rv:1.9.2.15) Gecko/20110303 Firefox/3.6.15 ( .NET CLR 3.5.30729; .NET4.0E)
    [files] => Array
        (
            [Filedata] => Array
                (
                    [name] => gaz.dxf
                    [type] => application/octet-stream
                    [tmp_name] => C:\wamp\tmp\phpC17.tmp
                    [error] => 0
                    [size] => 1809102
                )

        )

)

---
Array
(
    [time] => Tue, 26 Apr 2011 14:31:15 +0200
    [addr] => ******ost
    [agent] => Mozilla/5.0 (Windows; U; Windows NT 5.1; fr; rv:1.9.2.15) Gecko/20110303 Firefox/3.6.15 ( .NET CLR 3.5.30729; .NET4.0E)
    [files] => Array
        (
            [Filedata] => Array
                (
                    [name] => gaz.dxf
                    [type] => application/octet-stream
                    [tmp_name] => C:\wamp\tmp\phpC1B.tmp
                    [error] => 0
                    [size] => 1809102
                )

        )

)

---
Array
(
    [time] => Tue, 26 Apr 2011 14:32:32 +0200
    [addr] => ******ost
    [agent] => Mozilla/5.0 (Windows; U; Windows NT 5.1; fr; rv:1.9.2.15) Gecko/20110303 Firefox/3.6.15 ( .NET CLR 3.5.30729; .NET4.0E)
    [files] => Array
        (
            [Filedata] => Array
                (
                    [name] => gaz.dxf
                    [type] => application/octet-stream
                    [tmp_name] => C:\wamp\tmp\phpC1C.tmp
                    [error] => 0
                    [size] => 1809102
                )

        )

)

---
Array
(
    [time] => Tue, 26 Apr 2011 14:33:34 +0200
    [addr] => ******ost
    [agent] => Mozilla/5.0 (Windows; U; Windows NT 5.1; fr; rv:1.9.2.15) Gecko/20110303 Firefox/3.6.15 ( .NET CLR 3.5.30729; .NET4.0E)
    [files] => Array
        (
            [Filedata] => Array
                (
                    [name] => gaz.dxf
                    [type] => application/octet-stream
                    [tmp_name] => C:\wamp\tmp\phpC1E.tmp
                    [error] => 0
                    [size] => 1809102
                )

        )

)

---
Array
(
    [time] => Tue, 26 Apr 2011 14:36:18 +0200
    [addr] => ******ost
    [agent] => Mozilla/5.0 (Windows; U; Windows NT 5.1; fr; rv:1.9.2.15) Gecko/20110303 Firefox/3.6.15 ( .NET CLR 3.5.30729; .NET4.0E)
    [files] => Array
        (
            [Filedata] => Array
                (
                    [name] => gaz.dxf
                    [type] => application/octet-stream
                    [tmp_name] => C:\wamp\tmp\phpC21.tmp
                    [error] => 0
                    [size] => 1809102
                )

        )

)

---
Array
(
    [time] => Tue, 26 Apr 2011 14:36:26 +0200
    [addr] => ******ost
    [agent] => Mozilla/5.0 (Windows; U; Windows NT 5.1; fr; rv:1.9.2.15) Gecko/20110303 Firefox/3.6.15 ( .NET CLR 3.5.30729; .NET4.0E)
    [files] => Array
        (
            [Filedata] => Array
                (
                    [name] => gaz.dxf
                    [type] => application/octet-stream
                    [tmp_name] => C:\wamp\tmp\phpC22.tmp
                    [error] => 0
                    [size] => 1809102
                )

        )

)

---
Array
(
    [time] => Tue, 26 Apr 2011 14:36:57 +0200
    [addr] => ******ost
    [agent] => Mozilla/5.0 (Windows; U; Windows NT 5.1; fr; rv:1.9.2.15) Gecko/20110303 Firefox/3.6.15 ( .NET CLR 3.5.30729; .NET4.0E)
    [files] => Array
        (
            [Filedata] => Array
                (
                    [name] => gaz.dxf
                    [type] => application/octet-stream
                    [tmp_name] => C:\wamp\tmp\phpC24.tmp
                    [error] => 0
                    [size] => 1809102
                )

        )

)

---
Array
(
    [time] => Tue, 26 Apr 2011 14:39:05 +0200
    [addr] => ******ost
    [agent] => Mozilla/5.0 (Windows; U; Windows NT 5.1; fr; rv:1.9.2.15) Gecko/20110303 Firefox/3.6.15 ( .NET CLR 3.5.30729; .NET4.0E)
    [files] => Array
        (
            [Filedata] => Array
                (
                    [name] => gaz.dxf
                    [type] => application/octet-stream
                    [tmp_name] => C:\wamp\tmp\phpC27.tmp
                    [error] => 0
                    [size] => 1809102
                )

        )

)

---
Array
(
    [time] => Tue, 26 Apr 2011 14:40:32 +0200
    [addr] => ******ost
    [agent] => Mozilla/5.0 (Windows; U; Windows NT 5.1; fr; rv:1.9.2.15) Gecko/20110303 Firefox/3.6.15 ( .NET CLR 3.5.30729; .NET4.0E)
    [files] => Array
        (
            [Filedata] => Array
                (
                    [name] => gaz.dxf
                    [type] => application/octet-stream
                    [tmp_name] => C:\wamp\tmp\phpC29.tmp
                    [error] => 0
                    [size] => 1809102
                )

        )

)

---
Array
(
    [time] => Tue, 26 Apr 2011 14:43:51 +0200
    [addr] => ******ost
    [agent] => Mozilla/5.0 (Windows; U; Windows NT 5.1; fr; rv:1.9.2.15) Gecko/20110303 Firefox/3.6.15 ( .NET CLR 3.5.30729; .NET4.0E)
    [files] => Array
        (
            [Filedata] => Array
                (
                    [name] => gaz.dxf
                    [type] => application/octet-stream
                    [tmp_name] => C:\wamp\tmp\phpC2B.tmp
                    [error] => 0
                    [size] => 1809102
                )

        )

)

---
Array
(
    [time] => Tue, 26 Apr 2011 14:44:13 +0200
    [addr] => ******ost
    [agent] => Mozilla/5.0 (Windows; U; Windows NT 5.1; fr; rv:1.9.2.15) Gecko/20110303 Firefox/3.6.15 ( .NET CLR 3.5.30729; .NET4.0E)
    [files] => Array
        (
            [Filedata] => Array
                (
                    [name] => test_data_epsg_21781.zip
                    [type] => application/zip
                    [tmp_name] => C:\wamp\tmp\phpC2C.tmp
                    [error] => 0
                    [size] => 10284
                )

        )

)

---
Array
(
    [time] => Tue, 26 Apr 2011 14:49:07 +0200
    [addr] => ******ost
    [agent] => Mozilla/5.0 (Windows; U; Windows NT 5.1; fr; rv:1.9.2.15) Gecko/20110303 Firefox/3.6.15 ( .NET CLR 3.5.30729; .NET4.0E)
    [files] => Array
        (
            [Filedata] => Array
                (
                    [name] => test_data_epsg_21781.zip
                    [type] => application/zip
                    [tmp_name] => C:\wamp\tmp\phpC2E.tmp
                    [error] => 0
                    [size] => 10284
                )

        )

)

---
Array
(
    [time] => Tue, 26 Apr 2011 14:49:27 +0200
    [addr] => ******ost
    [agent] => Mozilla/5.0 (Windows; U; Windows NT 5.1; fr; rv:1.9.2.15) Gecko/20110303 Firefox/3.6.15 ( .NET CLR 3.5.30729; .NET4.0E)
    [files] => Array
        (
            [Filedata] => Array
                (
                    [name] => gaz.dxf
                    [type] => application/octet-stream
                    [tmp_name] => C:\wamp\tmp\phpC2F.tmp
                    [error] => 0
                    [size] => 1809102
                )

        )

)

---
Array
(
    [time] => Tue, 26 Apr 2011 14:50:18 +0200
    [addr] => ******ost
    [agent] => Mozilla/5.0 (Windows; U; Windows NT 5.1; fr; rv:1.9.2.15) Gecko/20110303 Firefox/3.6.15 ( .NET CLR 3.5.30729; .NET4.0E)
    [files] => Array
        (
            [Filedata] => Array
                (
                    [name] => gaz.dxf
                    [type] => application/octet-stream
                    [tmp_name] => C:\wamp\tmp\phpC31.tmp
                    [error] => 0
                    [size] => 1809102
                )

        )

)

---
Array
(
    [time] => Tue, 26 Apr 2011 14:50:31 +0200
    [addr] => ******ost
    [agent] => Mozilla/5.0 (Windows; U; Windows NT 5.1; fr; rv:1.9.2.15) Gecko/20110303 Firefox/3.6.15 ( .NET CLR 3.5.30729; .NET4.0E)
    [files] => Array
        (
            [Filedata] => Array
                (
                    [name] => test_data_epsg_21781.zip
                    [type] => application/zip
                    [tmp_name] => C:\wamp\tmp\phpC32.tmp
                    [error] => 0
                    [size] => 10284
                )

        )

)

---
Array
(
    [time] => Tue, 26 Apr 2011 15:14:20 +0200
    [addr] => ******ost
    [agent] => Mozilla/5.0 (Windows; U; Windows NT 5.1; fr; rv:1.9.2.15) Gecko/20110303 Firefox/3.6.15 ( .NET CLR 3.5.30729; .NET4.0E)
    [files] => Array
        (
            [Filedata] => Array
                (
                    [name] => test_data_epsg_21781.zip
                    [type] => application/zip
                    [tmp_name] => C:\wamp\tmp\phpC34.tmp
                    [error] => 0
                    [size] => 10284
                )

        )

)

---
Array
(
    [time] => Tue, 26 Apr 2011 15:15:38 +0200
    [addr] => ******ost
    [agent] => Mozilla/5.0 (Windows; U; Windows NT 5.1; fr; rv:1.9.2.15) Gecko/20110303 Firefox/3.6.15 ( .NET CLR 3.5.30729; .NET4.0E)
    [files] => Array
        (
            [Filedata] => Array
                (
                    [name] => test_data_epsg_21781.zip
                    [type] => application/zip
                    [tmp_name] => C:\wamp\tmp\phpC36.tmp
                    [error] => 0
                    [size] => 10284
                )

        )

)

---
Array
(
    [time] => Tue, 26 Apr 2011 15:16:44 +0200
    [addr] => ******ost
    [agent] => Mozilla/5.0 (Windows; U; Windows NT 5.1; fr; rv:1.9.2.15) Gecko/20110303 Firefox/3.6.15 ( .NET CLR 3.5.30729; .NET4.0E)
    [files] => Array
        (
            [Filedata] => Array
                (
                    [name] => test_data_epsg_21781.zip
                    [type] => application/zip
                    [tmp_name] => C:\wamp\tmp\phpC39.tmp
                    [error] => 0
                    [size] => 10284
                )

        )

)

---
Array
(
    [time] => Tue, 26 Apr 2011 15:17:25 +0200
    [addr] => ******ost
    [agent] => Mozilla/5.0 (Windows; U; Windows NT 5.1; fr; rv:1.9.2.15) Gecko/20110303 Firefox/3.6.15 ( .NET CLR 3.5.30729; .NET4.0E)
    [files] => Array
        (
            [Filedata] => Array
                (
                    [name] => test_data_epsg_21781.zip
                    [type] => application/zip
                    [tmp_name] => C:\wamp\tmp\phpC3B.tmp
                    [error] => 0
                    [size] => 10284
                )

        )

)

---
Array
(
    [time] => Tue, 26 Apr 2011 15:20:16 +0200
    [addr] => ******ost
    [agent] => Mozilla/5.0 (Windows; U; Windows NT 5.1; fr; rv:1.9.2.15) Gecko/20110303 Firefox/3.6.15 ( .NET CLR 3.5.30729; .NET4.0E)
    [files] => Array
        (
            [Filedata] => Array
                (
                    [name] => test_data_epsg_21781.zip
                    [type] => application/zip
                    [tmp_name] => C:\wamp\tmp\phpC3D.tmp
                    [error] => 0
                    [size] => 10284
                )

        )

)

---
Array
(
    [time] => Tue, 26 Apr 2011 15:22:50 +0200
    [addr] => ******ost
    [agent] => Mozilla/5.0 (Windows; U; Windows NT 5.1; fr; rv:1.9.2.15) Gecko/20110303 Firefox/3.6.15 ( .NET CLR 3.5.30729; .NET4.0E)
    [files] => Array
        (
            [Filedata] => Array
                (
                    [name] => test_data_epsg_21781.zip
                    [type] => application/zip
                    [tmp_name] => C:\wamp\tmp\phpC40.tmp
                    [error] => 0
                    [size] => 10284
                )

        )

)

---
Array
(
    [time] => Tue, 26 Apr 2011 15:24:20 +0200
    [addr] => ******ost
    [agent] => Mozilla/5.0 (Windows; U; Windows NT 5.1; fr; rv:1.9.2.15) Gecko/20110303 Firefox/3.6.15 ( .NET CLR 3.5.30729; .NET4.0E)
    [files] => Array
        (
            [Filedata] => Array
                (
                    [name] => test_data_epsg_21781.zip
                    [type] => application/zip
                    [tmp_name] => C:\wamp\tmp\phpC42.tmp
                    [error] => 0
                    [size] => 10284
                )

        )

)

---
Array
(
    [time] => Tue, 26 Apr 2011 15:25:53 +0200
    [addr] => ******ost
    [agent] => Mozilla/5.0 (Windows; U; Windows NT 5.1; fr; rv:1.9.2.15) Gecko/20110303 Firefox/3.6.15 ( .NET CLR 3.5.30729; .NET4.0E)
    [files] => Array
        (
            [Filedata] => Array
                (
                    [name] => test_data_epsg_21781.zip
                    [type] => application/zip
                    [tmp_name] => C:\wamp\tmp\phpC45.tmp
                    [error] => 0
                    [size] => 10284
                )

        )

)

---
Array
(
    [time] => Tue, 26 Apr 2011 15:26:47 +0200
    [addr] => ******ost
    [agent] => Mozilla/5.0 (Windows; U; Windows NT 5.1; fr; rv:1.9.2.15) Gecko/20110303 Firefox/3.6.15 ( .NET CLR 3.5.30729; .NET4.0E)
    [files] => Array
        (
            [Filedata] => Array
                (
                    [name] => test_data_epsg_21781.zip
                    [type] => application/zip
                    [tmp_name] => C:\wamp\tmp\phpC47.tmp
                    [error] => 0
                    [size] => 10284
                )

        )

)

---
Array
(
    [time] => Tue, 26 Apr 2011 15:29:05 +0200
    [addr] => ******ost
    [agent] => Mozilla/5.0 (Windows; U; Windows NT 5.1; fr; rv:1.9.2.15) Gecko/20110303 Firefox/3.6.15 ( .NET CLR 3.5.30729; .NET4.0E)
    [files] => Array
        (
            [Filedata] => Array
                (
                    [name] => test_data_epsg_21781.zip
                    [type] => application/zip
                    [tmp_name] => C:\wamp\tmp\phpC4A.tmp
                    [error] => 0
                    [size] => 10284
                )

        )

)

---
Array
(
    [time] => Tue, 26 Apr 2011 15:29:50 +0200
    [addr] => ******ost
    [agent] => Mozilla/5.0 (Windows; U; Windows NT 5.1; fr; rv:1.9.2.15) Gecko/20110303 Firefox/3.6.15 ( .NET CLR 3.5.30729; .NET4.0E)
    [files] => Array
        (
            [Filedata] => Array
                (
                    [name] => test_data_epsg_21781.zip
                    [type] => application/zip
                    [tmp_name] => C:\wamp\tmp\phpC4D.tmp
                    [error] => 0
                    [size] => 10284
                )

        )

)

---
Array
(
    [time] => Tue, 26 Apr 2011 15:34:33 +0200
    [addr] => ******ost
    [agent] => Mozilla/5.0 (Windows; U; Windows NT 5.1; fr; rv:1.9.2.15) Gecko/20110303 Firefox/3.6.15 ( .NET CLR 3.5.30729; .NET4.0E)
    [files] => Array
        (
            [Filedata] => Array
                (
                    [name] => test_data_epsg_21781.zip
                    [type] => application/zip
                    [tmp_name] => C:\wamp\tmp\phpC59.tmp
                    [error] => 0
                    [size] => 10284
                )

        )

)

---
Array
(
    [time] => Tue, 26 Apr 2011 15:39:58 +0200
    [addr] => ******ost
    [agent] => Mozilla/5.0 (Windows; U; Windows NT 5.1; fr; rv:1.9.2.15) Gecko/20110303 Firefox/3.6.15 ( .NET CLR 3.5.30729; .NET4.0E)
    [files] => Array
        (
            [Filedata] => Array
                (
                    [name] => test_data_epsg_21781.zip
                    [type] => application/zip
                    [tmp_name] => C:\wamp\tmp\phpC68.tmp
                    [error] => 0
                    [size] => 10284
                )

        )

)

---
Array
(
    [time] => Tue, 26 Apr 2011 15:45:06 +0200
    [addr] => ******ost
    [agent] => Mozilla/5.0 (Windows; U; Windows NT 5.1; fr; rv:1.9.2.15) Gecko/20110303 Firefox/3.6.15 ( .NET CLR 3.5.30729; .NET4.0E)
    [files] => Array
        (
            [Filedata] => Array
                (
                    [name] => test_data_epsg_21781.zip
                    [type] => application/zip
                    [tmp_name] => C:\wamp\tmp\phpC6A.tmp
                    [error] => 0
                    [size] => 10284
                )

        )

)

---
Array
(
    [time] => Tue, 26 Apr 2011 15:51:15 +0200
    [addr] => ******ost
    [agent] => Mozilla/5.0 (Windows; U; Windows NT 5.1; fr; rv:1.9.2.15) Gecko/20110303 Firefox/3.6.15 ( .NET CLR 3.5.30729; .NET4.0E)
    [files] => Array
        (
            [Filedata] => Array
                (
                    [name] => test_data_epsg_21781.zip
                    [type] => application/zip
                    [tmp_name] => C:\wamp\tmp\phpC72.tmp
                    [error] => 0
                    [size] => 10284
                )

        )

)

---
Array
(
    [time] => Tue, 26 Apr 2011 15:59:04 +0200
    [addr] => ******ost
    [agent] => Mozilla/5.0 (Windows; U; Windows NT 5.1; fr; rv:1.9.2.15) Gecko/20110303 Firefox/3.6.15 ( .NET CLR 3.5.30729; .NET4.0E)
    [files] => Array
        (
            [Filedata] => Array
                (
                    [name] => test_data_epsg_21781.zip
                    [type] => application/zip
                    [tmp_name] => C:\wamp\tmp\phpC78.tmp
                    [error] => 0
                    [size] => 10284
                )

        )

)

---
Array
(
    [time] => Tue, 26 Apr 2011 16:03:00 +0200
    [addr] => ******ost
    [agent] => Mozilla/5.0 (Windows; U; Windows NT 5.1; fr; rv:1.9.2.15) Gecko/20110303 Firefox/3.6.15 ( .NET CLR 3.5.30729; .NET4.0E)
    [files] => Array
        (
            [Filedata] => Array
                (
                    [name] => test_data_epsg_21781.zip
                    [type] => application/zip
                    [tmp_name] => C:\wamp\tmp\phpC7A.tmp
                    [error] => 0
                    [size] => 10284
                )

        )

)

---
Array
(
    [time] => Tue, 26 Apr 2011 16:03:59 +0200
    [addr] => ******ost
    [agent] => Mozilla/5.0 (Windows; U; Windows NT 5.1; fr; rv:1.9.2.15) Gecko/20110303 Firefox/3.6.15 ( .NET CLR 3.5.30729; .NET4.0E)
    [files] => Array
        (
            [Filedata] => Array
                (
                    [name] => test_data_epsg_21781.zip
                    [type] => application/zip
                    [tmp_name] => C:\wamp\tmp\phpC7C.tmp
                    [error] => 0
                    [size] => 10284
                )

        )

)

---
Array
(
    [time] => Tue, 26 Apr 2011 16:06:35 +0200
    [addr] => ******ost
    [agent] => Mozilla/5.0 (Windows; U; Windows NT 5.1; fr; rv:1.9.2.15) Gecko/20110303 Firefox/3.6.15 ( .NET CLR 3.5.30729; .NET4.0E)
    [files] => Array
        (
            [Filedata] => Array
                (
                    [name] => test_data_epsg_21781.zip
                    [type] => application/zip
                    [tmp_name] => C:\wamp\tmp\phpC84.tmp
                    [error] => 0
                    [size] => 10284
                )

        )

)

---
Array
(
    [time] => Wed, 27 Apr 2011 14:53:59 +0200
    [addr] => ******ost
    [agent] => Mozilla/5.0 (Windows; U; Windows NT 5.1; fr; rv:1.9.2.15) Gecko/20110303 Firefox/3.6.15 ( .NET CLR 3.5.30729; .NET4.0E)
    [files] => Array
        (
            [Filedata] => Array
                (
                    [name] => Buchillon-Limites-constructions.zip
                    [type] => application/zip
                    [tmp_name] => C:\wamp\tmp\phpD71.tmp
                    [error] => 0
                    [size] => 4997
                )

        )

)

---
Array
(
    [time] => Wed, 27 Apr 2011 15:02:24 +0200
    [addr] => ******ost
    [agent] => Mozilla/5.0 (Windows; U; Windows NT 5.1; fr; rv:1.9.2.15) Gecko/20110303 Firefox/3.6.15 ( .NET CLR 3.5.30729; .NET4.0E)
    [files] => Array
        (
            [Filedata] => Array
                (
                    [name] => Buchillon-Limites-constructions.zip
                    [type] => application/zip
                    [tmp_name] => C:\wamp\tmp\phpD79.tmp
                    [error] => 0
                    [size] => 4997
                )

        )

)

---
Array
(
    [time] => Mon, 02 May 2011 10:44:50 +0200
    [addr] => ******ost
    [agent] => Mozilla/5.0 (Windows; U; Windows NT 5.1; fr; rv:1.9.2.15) Gecko/20110303 Firefox/3.6.15 ( .NET CLR 3.5.30729; .NET4.0E)
    [files] => Array
        (
            [Filedata] => Array
                (
                    [name] => Buchillon-Limites-constructions.zip
                    [type] => application/zip
                    [tmp_name] => C:\wamp\tmp\php10BC.tmp
                    [error] => 0
                    [size] => 4997
                )

        )

)

---
Array
(
    [time] => Mon, 02 May 2011 10:45:50 +0200
    [addr] => ******ost
    [agent] => Mozilla/5.0 (Windows; U; Windows NT 5.1; fr; rv:1.9.2.15) Gecko/20110303 Firefox/3.6.15 ( .NET CLR 3.5.30729; .NET4.0E)
    [files] => Array
        (
            [Filedata] => Array
                (
                    [name] => Buchillon-Limites-constructions.zip
                    [type] => application/zip
                    [tmp_name] => C:\wamp\tmp\php10BE.tmp
                    [error] => 0
                    [size] => 4997
                )

        )

)

---
Array
(
    [time] => Mon, 02 May 2011 10:46:20 +0200
    [addr] => ******ost
    [agent] => Mozilla/5.0 (Windows; U; Windows NT 5.1; fr; rv:1.9.2.15) Gecko/20110303 Firefox/3.6.15 ( .NET CLR 3.5.30729; .NET4.0E)
    [files] => Array
        (
            [Filedata] => Array
                (
                    [name] => Buchillon-Limites-constructions.zip
                    [type] => application/zip
                    [tmp_name] => C:\wamp\tmp\php10C0.tmp
                    [error] => 0
                    [size] => 4997
                )

        )

)

---
Array
(
    [time] => Mon, 02 May 2011 17:28:59 +0200
    [addr] => ******ost
    [agent] => Mozilla/5.0 (Windows; U; Windows NT 5.1; fr; rv:1.9.2.15) Gecko/20110303 Firefox/3.6.15 ( .NET CLR 3.5.30729; .NET4.0E)
    [files] => Array
        (
            [Filedata] => Array
                (
                    [name] => Buchillon-Limites-constructions.zip
                    [type] => application/zip
                    [tmp_name] => C:\wamp\tmp\php1144.tmp
                    [error] => 0
                    [size] => 4997
                )

        )

)

---
Array
(
    [time] => Tue, 03 May 2011 10:08:41 +0200
    [addr] => ******ost
    [agent] => Mozilla/5.0 (Windows; U; Windows NT 5.1; fr; rv:1.9.2.15) Gecko/20110303 Firefox/3.6.15 ( .NET CLR 3.5.30729; .NET4.0E)
    [files] => Array
        (
            [Filedata] => Array
                (
                    [name] => Buch_ass_chambre.mif
                    [type] => application/octet-stream
                    [tmp_name] => C:\wamp\tmp\php11F3.tmp
                    [error] => 0
                    [size] => 8399
                )

        )

)

---
Array
(
    [time] => Tue, 03 May 2011 11:11:11 +0200
    [addr] => ******ost
    [agent] => Mozilla/5.0 (Windows; U; Windows NT 5.1; fr; rv:1.9.2.15) Gecko/20110303 Firefox/3.6.15 ( .NET CLR 3.5.30729; .NET4.0E)
    [files] => Array
        (
            [Filedata] => Array
                (
                    [name] => Buch_ass_chambre.mif
                    [type] => application/octet-stream
                    [tmp_name] => C:\wamp\tmp\php11F8.tmp
                    [error] => 0
                    [size] => 8399
                )

        )

)

---
Array
(
    [time] => Tue, 03 May 2011 11:18:24 +0200
    [addr] => ******ost
    [agent] => Mozilla/5.0 (Windows; U; Windows NT 5.1; fr; rv:1.9.2.15) Gecko/20110303 Firefox/3.6.15 ( .NET CLR 3.5.30729; .NET4.0E)
    [files] => Array
        (
            [Filedata] => Array
                (
                    [name] => Buchillon-Limites-constructions.mif
                    [type] => application/octet-stream
                    [tmp_name] => C:\wamp\tmp\php1203.tmp
                    [error] => 0
                    [size] => 353
                )

        )

)

---
Array
(
    [time] => Tue, 03 May 2011 11:20:55 +0200
    [addr] => ******ost
    [agent] => Mozilla/5.0 (Windows; U; Windows NT 5.1; fr; rv:1.9.2.15) Gecko/20110303 Firefox/3.6.15 ( .NET CLR 3.5.30729; .NET4.0E)
    [files] => Array
        (
            [Filedata] => Array
                (
                    [name] => Buchillon-Limites-constructions.mif
                    [type] => application/octet-stream
                    [tmp_name] => C:\wamp\tmp\php1209.tmp
                    [error] => 0
                    [size] => 353
                )

        )

)

---
Array
(
    [time] => Tue, 03 May 2011 11:21:36 +0200
    [addr] => ******ost
    [agent] => Mozilla/5.0 (Windows; U; Windows NT 5.1; fr; rv:1.9.2.15) Gecko/20110303 Firefox/3.6.15 ( .NET CLR 3.5.30729; .NET4.0E)
    [files] => Array
        (
            [Filedata] => Array
                (
                    [name] => Buchillon-Limites-constructions.mif
                    [type] => application/octet-stream
                    [tmp_name] => C:\wamp\tmp\php120D.tmp
                    [error] => 0
                    [size] => 353
                )

        )

)

---
Array
(
    [time] => Tue, 03 May 2011 14:24:41 +0200
    [addr] => ******ost
    [agent] => Mozilla/5.0 (Windows; U; Windows NT 5.1; fr; rv:1.9.2.15) Gecko/20110303 Firefox/3.6.15 ( .NET CLR 3.5.30729; .NET4.0E)
    [files] => Array
        (
            [Filedata] => Array
                (
                    [name] => buildings.dbf
                    [type] => 
                    [tmp_name] => 
                    [error] => 1
                    [size] => 0
                )

        )

)

---
Array
(
    [time] => Tue, 03 May 2011 14:25:41 +0200
    [addr] => ******ost
    [agent] => Mozilla/5.0 (Windows; U; Windows NT 5.1; fr; rv:1.9.2.15) Gecko/20110303 Firefox/3.6.15 ( .NET CLR 3.5.30729; .NET4.0E)
    [files] => Array
        (
            [Filedata] => Array
                (
                    [name] => wgs84.zip
                    [type] => 
                    [tmp_name] => 
                    [error] => 1
                    [size] => 0
                )

        )

)

---
Array
(
    [time] => Tue, 03 May 2011 14:26:22 +0200
    [addr] => ******ost
    [agent] => Mozilla/5.0 (Windows; U; Windows NT 5.1; fr; rv:1.9.2.15) Gecko/20110303 Firefox/3.6.15 ( .NET CLR 3.5.30729; .NET4.0E)
    [files] => Array
        (
            [Filedata] => Array
                (
                    [name] => Buchillon-Limites-constructions.zip
                    [type] => application/zip
                    [tmp_name] => C:\wamp\tmp\php1276.tmp
                    [error] => 0
                    [size] => 4997
                )

        )

)

---
Array
(
    [time] => Tue, 03 May 2011 14:27:40 +0200
    [addr] => ******ost
    [agent] => Mozilla/5.0 (Windows; U; Windows NT 5.1; fr; rv:1.9.2.15) Gecko/20110303 Firefox/3.6.15 ( .NET CLR 3.5.30729; .NET4.0E)
    [files] => Array
        (
            [Filedata] => Array
                (
                    [name] => Buchillon-Limites-constructions.zip
                    [type] => application/zip
                    [tmp_name] => C:\wamp\tmp\php1278.tmp
                    [error] => 0
                    [size] => 4997
                )

        )

)

---
Array
(
    [time] => Tue, 03 May 2011 14:28:09 +0200
    [addr] => ******ost
    [agent] => Mozilla/5.0 (Windows; U; Windows NT 5.1; fr; rv:1.9.2.15) Gecko/20110303 Firefox/3.6.15 ( .NET CLR 3.5.30729; .NET4.0E)
    [files] => Array
        (
            [Filedata] => Array
                (
                    [name] => wgs84.zip
                    [type] => 
                    [tmp_name] => 
                    [error] => 1
                    [size] => 0
                )

        )

)

---
Array
(
    [time] => Tue, 03 May 2011 14:28:31 +0200
    [addr] => ******ost
    [agent] => Mozilla/5.0 (Windows; U; Windows NT 5.1; fr; rv:1.9.2.15) Gecko/20110303 Firefox/3.6.15 ( .NET CLR 3.5.30729; .NET4.0E)
    [files] => Array
        (
            [Filedata] => Array
                (
                    [name] => buildings.shx
                    [type] => application/octet-stream
                    [tmp_name] => C:\wamp\tmp\php127A.tmp
                    [error] => 0
                    [size] => 285972
                )

        )

)

---
Array
(
    [time] => Tue, 03 May 2011 14:28:39 +0200
    [addr] => ******ost
    [agent] => Mozilla/5.0 (Windows; U; Windows NT 5.1; fr; rv:1.9.2.15) Gecko/20110303 Firefox/3.6.15 ( .NET CLR 3.5.30729; .NET4.0E)
    [files] => Array
        (
            [Filedata] => Array
                (
                    [name] => buildings.dbf
                    [type] => 
                    [tmp_name] => 
                    [error] => 1
                    [size] => 0
                )

        )

)

---
Array
(
    [time] => Tue, 03 May 2011 14:28:48 +0200
    [addr] => ******ost
    [agent] => Mozilla/5.0 (Windows; U; Windows NT 5.1; fr; rv:1.9.2.15) Gecko/20110303 Firefox/3.6.15 ( .NET CLR 3.5.30729; .NET4.0E)
    [files] => Array
        (
            [Filedata] => Array
                (
                    [name] => wgs84.zip
                    [type] => 
                    [tmp_name] => 
                    [error] => 1
                    [size] => 0
                )

        )

)

---
Array
(
    [time] => Tue, 03 May 2011 14:29:43 +0200
    [addr] => ******ost
    [agent] => Mozilla/5.0 (Windows; U; Windows NT 5.1; fr; rv:1.9.2.15) Gecko/20110303 Firefox/3.6.15 ( .NET CLR 3.5.30729; .NET4.0E)
    [files] => Array
        (
            [Filedata] => Array
                (
                    [name] => wgs84.zip
                    [type] => 
                    [tmp_name] => 
                    [error] => 1
                    [size] => 0
                )

        )

)

---
Array
(
    [time] => Tue, 03 May 2011 14:30:18 +0200
    [addr] => ******ost
    [agent] => Mozilla/5.0 (Windows; U; Windows NT 5.1; fr; rv:1.9.2.15) Gecko/20110303 Firefox/3.6.15 ( .NET CLR 3.5.30729; .NET4.0E)
    [files] => Array
        (
            [Filedata] => Array
                (
                    [name] => wgs84.zip
                    [type] => 
                    [tmp_name] => 
                    [error] => 1
                    [size] => 0
                )

        )

)

---
Array
(
    [time] => Tue, 03 May 2011 14:31:21 +0200
    [addr] => ******ost
    [agent] => Mozilla/5.0 (Windows; U; Windows NT 5.1; fr; rv:1.9.2.15) Gecko/20110303 Firefox/3.6.15 ( .NET CLR 3.5.30729; .NET4.0E)
    [files] => Array
        (
            [Filedata] => Array
                (
                    [name] => buildings.shx
                    [type] => application/octet-stream
                    [tmp_name] => C:\wamp\tmp\php1281.tmp
                    [error] => 0
                    [size] => 285972
                )

        )

)

---
Array
(
    [time] => Tue, 03 May 2011 14:31:41 +0200
    [addr] => ******ost
    [agent] => Mozilla/5.0 (Windows; U; Windows NT 5.1; fr; rv:1.9.2.15) Gecko/20110303 Firefox/3.6.15 ( .NET CLR 3.5.30729; .NET4.0E)
    [files] => Array
        (
            [Filedata] => Array
                (
                    [name] => buildings.shp
                    [type] => 
                    [tmp_name] => 
                    [error] => 1
                    [size] => 0
                )

        )

)

---
Array
(
    [time] => Tue, 03 May 2011 14:32:55 +0200
    [addr] => ******ost
    [agent] => Mozilla/5.0 (Windows; U; Windows NT 5.1; fr; rv:1.9.2.15) Gecko/20110303 Firefox/3.6.15 ( .NET CLR 3.5.30729; .NET4.0E)
    [files] => Array
        (
            [Filedata] => Array
                (
                    [name] => wgs84.zip
                    [type] => 
                    [tmp_name] => 
                    [error] => 1
                    [size] => 0
                )

        )

)

---
Array
(
    [time] => Tue, 03 May 2011 14:33:09 +0200
    [addr] => ******ost
    [agent] => Mozilla/5.0 (Windows; U; Windows NT 5.1; fr; rv:1.9.2.15) Gecko/20110303 Firefox/3.6.15 ( .NET CLR 3.5.30729; .NET4.0E)
    [files] => Array
        (
            [Filedata] => Array
                (
                    [name] => buildings.shx
                    [type] => application/octet-stream
                    [tmp_name] => C:\wamp\tmp\php1285.tmp
                    [error] => 0
                    [size] => 285972
                )

        )

)

---
Array
(
    [time] => Tue, 03 May 2011 14:33:19 +0200
    [addr] => ******ost
    [agent] => Mozilla/5.0 (Windows; U; Windows NT 5.1; fr; rv:1.9.2.15) Gecko/20110303 Firefox/3.6.15 ( .NET CLR 3.5.30729; .NET4.0E)
    [files] => Array
        (
            [Filedata] => Array
                (
                    [name] => wgs84.zip
                    [type] => 
                    [tmp_name] => 
                    [error] => 1
                    [size] => 0
                )

        )

)

---
Array
(
    [time] => Tue, 03 May 2011 14:34:57 +0200
    [addr] => ******ost
    [agent] => Mozilla/5.0 (Windows; U; Windows NT 5.1; fr; rv:1.9.2.15) Gecko/20110303 Firefox/3.6.15 ( .NET CLR 3.5.30729; .NET4.0E)
    [files] => Array
        (
            [Filedata] => Array
                (
                    [name] => buildings.fix
                    [type] => application/octet-stream
                    [tmp_name] => C:\wamp\tmp\php1287.tmp
                    [error] => 0
                    [size] => 428821
                )

        )

)

---
Array
(
    [time] => Tue, 03 May 2011 14:35:04 +0200
    [addr] => ******ost
    [agent] => Mozilla/5.0 (Windows; U; Windows NT 5.1; fr; rv:1.9.2.15) Gecko/20110303 Firefox/3.6.15 ( .NET CLR 3.5.30729; .NET4.0E)
    [files] => Array
        (
            [Filedata] => Array
                (
                    [name] => wgs84.zip
                    [type] => 
                    [tmp_name] => 
                    [error] => 1
                    [size] => 0
                )

        )

)

---
Array
(
    [time] => Tue, 03 May 2011 14:42:20 +0200
    [addr] => ******ost
    [agent] => Mozilla/5.0 (Windows; U; Windows NT 5.1; fr; rv:1.9.2.15) Gecko/20110303 Firefox/3.6.15 ( .NET CLR 3.5.30729; .NET4.0E)
    [files] => Array
        (
            [Filedata] => Array
                (
                    [name] => wgs84.zip
                    [type] => 
                    [tmp_name] => 
                    [error] => 1
                    [size] => 0
                )

        )

)

---
Array
(
    [time] => Tue, 03 May 2011 14:42:54 +0200
    [addr] => ******ost
    [agent] => Mozilla/5.0 (Windows; U; Windows NT 5.1; fr; rv:1.9.2.15) Gecko/20110303 Firefox/3.6.15 ( .NET CLR 3.5.30729; .NET4.0E)
    [files] => Array
        (
            [Filedata] => Array
                (
                    [name] => buildings.dbf
                    [type] => 
                    [tmp_name] => 
                    [error] => 1
                    [size] => 0
                )

        )

)

---
Array
(
    [time] => Tue, 03 May 2011 14:43:32 +0200
    [addr] => ******ost
    [agent] => Mozilla/5.0 (Windows; U; Windows NT 5.1; fr; rv:1.9.2.15) Gecko/20110303 Firefox/3.6.15 ( .NET CLR 3.5.30729; .NET4.0E)
    [files] => Array
        (
            [Filedata] => Array
                (
                    [name] => wgs84.zip
                    [type] => 
                    [tmp_name] => 
                    [error] => 1
                    [size] => 0
                )

        )

)

---
Array
(
    [time] => Tue, 03 May 2011 14:43:59 +0200
    [addr] => ******ost
    [agent] => Mozilla/5.0 (Windows; U; Windows NT 5.1; fr; rv:1.9.2.15) Gecko/20110303 Firefox/3.6.15 ( .NET CLR 3.5.30729; .NET4.0E)
    [files] => Array
        (
            [Filedata] => Array
                (
                    [name] => buildings.shx
                    [type] => application/octet-stream
                    [tmp_name] => C:\wamp\tmp\php1290.tmp
                    [error] => 0
                    [size] => 285972
                )

        )

)

---
Array
(
    [time] => Tue, 03 May 2011 14:44:13 +0200
    [addr] => ******ost
    [agent] => Mozilla/5.0 (Windows; U; Windows NT 5.1; fr; rv:1.9.2.15) Gecko/20110303 Firefox/3.6.15 ( .NET CLR 3.5.30729; .NET4.0E)
    [files] => Array
        (
            [Filedata] => Array
                (
                    [name] => wgs84.zip
                    [type] => 
                    [tmp_name] => 
                    [error] => 1
                    [size] => 0
                )

        )

)

---
Array
(
    [time] => Tue, 03 May 2011 14:46:24 +0200
    [addr] => ******ost
    [agent] => Mozilla/5.0 (Windows; U; Windows NT 5.1; fr; rv:1.9.2.15) Gecko/20110303 Firefox/3.6.15 ( .NET CLR 3.5.30729; .NET4.0E)
    [files] => Array
        (
            [Filedata] => Array
                (
                    [name] => buildings.dbf
                    [type] => 
                    [tmp_name] => 
                    [error] => 1
                    [size] => 0
                )

        )

)

---
Array
(
    [time] => Tue, 03 May 2011 14:53:47 +0200
    [addr] => ******ost
    [agent] => Mozilla/5.0 (Windows; U; Windows NT 5.1; fr; rv:1.9.2.15) Gecko/20110303 Firefox/3.6.15 ( .NET CLR 3.5.30729; .NET4.0E)
    [files] => Array
        (
            [Filedata] => Array
                (
                    [name] => wgs84.zip
                    [type] => 
                    [tmp_name] => 
                    [error] => 1
                    [size] => 0
                )

        )

)

---
Array
(
    [time] => Tue, 03 May 2011 15:00:10 +0200
    [addr] => ******ost
    [agent] => Mozilla/5.0 (Windows; U; Windows NT 5.1; fr; rv:1.9.2.15) Gecko/20110303 Firefox/3.6.15 ( .NET CLR 3.5.30729; .NET4.0E)
    [files] => Array
        (
            [Filedata] => Array
                (
                    [name] => wgs84.zip
                    [type] => 
                    [tmp_name] => 
                    [error] => 1
                    [size] => 0
                )

        )

)

---
Array
(
    [time] => Tue, 03 May 2011 15:01:02 +0200
    [addr] => ******ost
    [agent] => Mozilla/5.0 (Windows; U; Windows NT 5.1; fr; rv:1.9.2.15) Gecko/20110303 Firefox/3.6.15 ( .NET CLR 3.5.30729; .NET4.0E)
    [files] => Array
        (
            [Filedata] => Array
                (
                    [name] => buildings.shx
                    [type] => application/octet-stream
                    [tmp_name] => C:\wamp\tmp\php1297.tmp
                    [error] => 0
                    [size] => 285972
                )

        )

)

---
Array
(
    [time] => Tue, 03 May 2011 15:01:34 +0200
    [addr] => ******ost
    [agent] => Mozilla/5.0 (Windows; U; Windows NT 5.1; fr; rv:1.9.2.15) Gecko/20110303 Firefox/3.6.15 ( .NET CLR 3.5.30729; .NET4.0E)
    [files] => Array
        (
            [Filedata] => Array
                (
                    [name] => wgs84.zip
                    [type] => 
                    [tmp_name] => 
                    [error] => 1
                    [size] => 0
                )

        )

)

---
Array
(
    [time] => Tue, 03 May 2011 15:02:13 +0200
    [addr] => ******ost
    [agent] => Mozilla/5.0 (Windows; U; Windows NT 5.1; fr; rv:1.9.2.15) Gecko/20110303 Firefox/3.6.15 ( .NET CLR 3.5.30729; .NET4.0E)
    [files] => Array
        (
            [Filedata] => Array
                (
                    [name] => wgs84.zip
                    [type] => 
                    [tmp_name] => 
                    [error] => 1
                    [size] => 0
                )

        )

)

---
Array
(
    [time] => Tue, 03 May 2011 15:02:31 +0200
    [addr] => ******ost
    [agent] => Mozilla/5.0 (Windows; U; Windows NT 5.1; fr; rv:1.9.2.15) Gecko/20110303 Firefox/3.6.15 ( .NET CLR 3.5.30729; .NET4.0E)
    [files] => Array
        (
            [Filedata] => Array
                (
                    [name] => buildings.shx
                    [type] => application/octet-stream
                    [tmp_name] => C:\wamp\tmp\php129B.tmp
                    [error] => 0
                    [size] => 285972
                )

        )

)

---
Array
(
    [time] => Tue, 03 May 2011 15:03:06 +0200
    [addr] => ******ost
    [agent] => Mozilla/5.0 (Windows; U; Windows NT 5.1; fr; rv:1.9.2.15) Gecko/20110303 Firefox/3.6.15 ( .NET CLR 3.5.30729; .NET4.0E)
    [files] => Array
        (
            [Filedata] => Array
                (
                    [name] => wgs84.zip
                    [type] => 
                    [tmp_name] => 
                    [error] => 1
                    [size] => 0
                )

        )

)

---
Array
(
    [time] => Tue, 03 May 2011 15:04:21 +0200
    [addr] => ******ost
    [agent] => Mozilla/5.0 (Windows; U; Windows NT 5.1; fr; rv:1.9.2.15) Gecko/20110303 Firefox/3.6.15 ( .NET CLR 3.5.30729; .NET4.0E)
    [files] => Array
        (
            [Filedata] => Array
                (
                    [name] => buildings.shx
                    [type] => application/octet-stream
                    [tmp_name] => C:\wamp\tmp\php129D.tmp
                    [error] => 0
                    [size] => 285972
                )

        )

)

---
Array
(
    [time] => Tue, 03 May 2011 15:06:22 +0200
    [addr] => ******ost
    [agent] => Mozilla/5.0 (Windows; U; Windows NT 5.1; fr; rv:1.9.2.15) Gecko/20110303 Firefox/3.6.15 ( .NET CLR 3.5.30729; .NET4.0E)
    [files] => Array
        (
            [Filedata] => Array
                (
                    [name] => wgs84_1.zip
                    [type] => 
                    [tmp_name] => 
                    [error] => 1
                    [size] => 0
                )

        )

)

---
Array
(
    [time] => Tue, 03 May 2011 15:06:31 +0200
    [addr] => ******ost
    [agent] => Mozilla/5.0 (Windows; U; Windows NT 5.1; fr; rv:1.9.2.15) Gecko/20110303 Firefox/3.6.15 ( .NET CLR 3.5.30729; .NET4.0E)
    [files] => Array
        (
            [Filedata] => Array
                (
                    [name] => wgs84_2.zip
                    [type] => 
                    [tmp_name] => 
                    [error] => 1
                    [size] => 0
                )

        )

)

---
Array
(
    [time] => Tue, 03 May 2011 15:07:16 +0200
    [addr] => ******ost
    [agent] => Mozilla/5.0 (Windows; U; Windows NT 5.1; fr; rv:1.9.2.15) Gecko/20110303 Firefox/3.6.15 ( .NET CLR 3.5.30729; .NET4.0E)
    [files] => Array
        (
            [Filedata] => Array
                (
                    [name] => wgs84.zip
                    [type] => 
                    [tmp_name] => 
                    [error] => 1
                    [size] => 0
                )

        )

)

---
Array
(
    [time] => Tue, 03 May 2011 15:08:56 +0200
    [addr] => ******ost
    [agent] => Mozilla/5.0 (Windows; U; Windows NT 5.1; fr; rv:1.9.2.15) Gecko/20110303 Firefox/3.6.15 ( .NET CLR 3.5.30729; .NET4.0E)
    [files] => Array
        (
            [Filedata] => Array
                (
                    [name] => Buchillon-Limites-constructions.zip
                    [type] => application/zip
                    [tmp_name] => C:\wamp\tmp\php12A7.tmp
                    [error] => 0
                    [size] => 4997
                )

        )

)

---
Array
(
    [time] => Tue, 03 May 2011 15:11:35 +0200
    [addr] => ******ost
    [agent] => Mozilla/5.0 (Windows; U; Windows NT 5.1; fr; rv:1.9.2.15) Gecko/20110303 Firefox/3.6.15 ( .NET CLR 3.5.30729; .NET4.0E)
    [files] => Array
        (
            [Filedata] => Array
                (
                    [name] => MifMidOutput.zip
                    [type] => application/zip
                    [tmp_name] => C:\wamp\tmp\php12AB.tmp
                    [error] => 0
                    [size] => 263666
                )

        )

)

---
Array
(
    [time] => Tue, 03 May 2011 15:13:03 +0200
    [addr] => ******ost
    [agent] => Mozilla/5.0 (Windows; U; Windows NT 5.1; fr; rv:1.9.2.15) Gecko/20110303 Firefox/3.6.15 ( .NET CLR 3.5.30729; .NET4.0E)
    [files] => Array
        (
            [Filedata] => Array
                (
                    [name] => MifMidOutput.zip
                    [type] => application/zip
                    [tmp_name] => C:\wamp\tmp\php12AE.tmp
                    [error] => 0
                    [size] => 263666
                )

        )

)

---
Array
(
    [time] => Tue, 03 May 2011 15:22:02 +0200
    [addr] => ******ost
    [agent] => Mozilla/5.0 (Windows; U; Windows NT 5.1; fr; rv:1.9.2.15) Gecko/20110303 Firefox/3.6.15 ( .NET CLR 3.5.30729; .NET4.0E)
    [files] => Array
        (
            [Filedata] => Array
                (
                    [name] => Copie de Buchillon-Limites-constructions.zip
                    [type] => application/zip
                    [tmp_name] => C:\wamp\tmp\php12AF.tmp
                    [error] => 0
                    [size] => 4997
                )

        )

)

---
Array
(
    [time] => Tue, 03 May 2011 15:23:09 +0200
    [addr] => ******ost
    [agent] => Mozilla/5.0 (Windows; U; Windows NT 5.1; fr; rv:1.9.2.15) Gecko/20110303 Firefox/3.6.15 ( .NET CLR 3.5.30729; .NET4.0E)
    [files] => Array
        (
            [Filedata] => Array
                (
                    [name] => Buchillon-Limites-constructions.zip
                    [type] => application/zip
                    [tmp_name] => C:\wamp\tmp\php12B0.tmp
                    [error] => 0
                    [size] => 4997
                )

        )

)

---
Array
(
    [time] => Tue, 03 May 2011 15:23:20 +0200
    [addr] => ******ost
    [agent] => Mozilla/5.0 (Windows; U; Windows NT 5.1; fr; rv:1.9.2.15) Gecko/20110303 Firefox/3.6.15 ( .NET CLR 3.5.30729; .NET4.0E)
    [files] => Array
        (
            [Filedata] => Array
                (
                    [name] => Copie de Buchillon-Limites-constructions.zip
                    [type] => application/zip
                    [tmp_name] => C:\wamp\tmp\php12B1.tmp
                    [error] => 0
                    [size] => 4997
                )

        )

)

---
Array
(
    [time] => Tue, 03 May 2011 15:26:18 +0200
    [addr] => ******ost
    [agent] => Mozilla/5.0 (Windows; U; Windows NT 5.1; fr; rv:1.9.2.15) Gecko/20110303 Firefox/3.6.15 ( .NET CLR 3.5.30729; .NET4.0E)
    [files] => Array
        (
            [Filedata] => Array
                (
                    [name] => Buchillon-Limites-constructions_moisi.zip
                    [type] => application/zip
                    [tmp_name] => C:\wamp\tmp\php12B4.tmp
                    [error] => 0
                    [size] => 5318
                )

        )

)

---
Array
(
    [time] => Tue, 03 May 2011 16:00:26 +0200
    [addr] => ******ost
    [agent] => Mozilla/5.0 (Windows; U; Windows NT 5.1; fr; rv:1.9.2.15) Gecko/20110303 Firefox/3.6.15 ( .NET CLR 3.5.30729; .NET4.0E)
    [files] => Array
        (
            [Filedata] => Array
                (
                    [name] => Buchillon-Limites-constructions_moisi.zip
                    [type] => application/zip
                    [tmp_name] => C:\wamp\tmp\php12B8.tmp
                    [error] => 0
                    [size] => 5318
                )

        )

)

---
Array
(
    [time] => Wed, 04 May 2011 17:15:40 +0200
    [addr] => ******ost
    [agent] => Mozilla/5.0 (Windows NT 5.1; rv:2.0) Gecko/20100101 Firefox/4.0
    [files] => Array
        (
            [Filedata] => Array
                (
                    [name] => Buchillon-Limites-constructions.zip
                    [type] => application/zip
                    [tmp_name] => C:\wamp\tmp\php26.tmp
                    [error] => 0
                    [size] => 4997
                )

        )

)

---
Array
(
    [time] => Thu, 05 May 2011 10:31:53 +0200
    [addr] => ******ost
    [agent] => Mozilla/5.0 (Windows NT 5.1; rv:2.0) Gecko/20100101 Firefox/4.0
    [files] => Array
        (
            [Filedata] => Array
                (
                    [name] => Buchillon-Limites-constructions.zip
                    [type] => application/zip
                    [tmp_name] => C:\wamp\tmp\phpAB.tmp
                    [error] => 0
                    [size] => 4997
                )

        )

)

---
Array
(
    [time] => Thu, 05 May 2011 10:35:14 +0200
    [addr] => ******ost
    [agent] => Mozilla/5.0 (Windows NT 5.1; rv:2.0) Gecko/20100101 Firefox/4.0
    [files] => Array
        (
            [Filedata] => Array
                (
                    [name] => Buchillon-Limites-constructions.zip
                    [type] => application/zip
                    [tmp_name] => C:\wamp\tmp\phpAE.tmp
                    [error] => 0
                    [size] => 4997
                )

        )

)

---
Array
(
    [time] => Thu, 05 May 2011 10:36:05 +0200
    [addr] => ******ost
    [agent] => Mozilla/5.0 (Windows NT 5.1; rv:2.0) Gecko/20100101 Firefox/4.0
    [files] => Array
        (
            [Filedata] => Array
                (
                    [name] => Buchillon-Limites-constructions.zip
                    [type] => application/zip
                    [tmp_name] => C:\wamp\tmp\phpB0.tmp
                    [error] => 0
                    [size] => 4997
                )

        )

)

---
